{"D:\\Coding Projects\\Anti gravity project\\Practice Project 1\\src\\app.ts": {"path":"D:\\Coding Projects\\Anti gravity project\\Practice Project 1\\src\\app.ts","statementMap":{"0":{"start":{"line":22,"column":6},"end":{"line":22,"column":21}},"1":{"start":{"line":25,"column":0},"end":{"line":25,"column":null}},"2":{"start":{"line":26,"column":0},"end":{"line":29,"column":null}},"3":{"start":{"line":30,"column":0},"end":{"line":30,"column":null}},"4":{"start":{"line":33,"column":0},"end":{"line":34,"column":null}},"5":{"start":{"line":34,"column":2},"end":{"line":34,"column":null}},"6":{"start":{"line":38,"column":0},"end":{"line":38,"column":null}},"7":{"start":{"line":41,"column":0},"end":{"line":41,"column":null}},"8":{"start":{"line":44,"column":0},"end":{"line":44,"column":null}},"9":{"start":{"line":47,"column":0},"end":{"line":47,"column":null}},"10":{"start":{"line":50,"column":0},"end":{"line":50,"column":null}},"11":{"start":{"line":51,"column":0},"end":{"line":51,"column":null}},"12":{"start":{"line":52,"column":0},"end":{"line":52,"column":null}},"13":{"start":{"line":53,"column":0},"end":{"line":53,"column":null}},"14":{"start":{"line":54,"column":0},"end":{"line":54,"column":null}},"15":{"start":{"line":55,"column":0},"end":{"line":55,"column":null}},"16":{"start":{"line":56,"column":0},"end":{"line":56,"column":null}},"17":{"start":{"line":57,"column":0},"end":{"line":57,"column":null}},"18":{"start":{"line":58,"column":0},"end":{"line":58,"column":null}},"19":{"start":{"line":61,"column":0},"end":{"line":67,"column":null}},"20":{"start":{"line":62,"column":2},"end":{"line":66,"column":null}},"21":{"start":{"line":70,"column":0},"end":{"line":72,"column":null}},"22":{"start":{"line":71,"column":2},"end":{"line":71,"column":null}},"23":{"start":{"line":75,"column":0},"end":{"line":75,"column":null}}},"fnMap":{"0":{"name":"(anonymous_0)","decl":{"start":{"line":61,"column":8},"end":{"line":61,"column":27}},"loc":{"start":{"line":61,"column":40},"end":{"line":67,"column":null}},"line":61},"1":{"name":"(anonymous_1)","decl":{"start":{"line":70,"column":4},"end":{"line":70,"column":9}},"loc":{"start":{"line":70,"column":28},"end":{"line":72,"column":null}},"line":70}},"branchMap":{"0":{"loc":{"start":{"line":33,"column":0},"end":{"line":34,"column":null}},"type":"if","locations":[{"start":{"line":33,"column":0},"end":{"line":34,"column":null}},{"start":{},"end":{}}],"line":33},"1":{"loc":{"start":{"line":50,"column":8},"end":{"line":50,"column":76}},"type":"cond-expr","locations":[{"start":{"line":50,"column":58},"end":{"line":50,"column":60}},{"start":{"line":50,"column":63},"end":{"line":50,"column":76}}],"line":50}},"s":{"0":3,"1":3,"2":3,"3":3,"4":3,"5":0,"6":3,"7":3,"8":3,"9":3,"10":3,"11":3,"12":3,"13":3,"14":3,"15":3,"16":3,"17":3,"18":3,"19":3,"20":1,"21":3,"22":1,"23":3},"f":{"0":1,"1":1},"b":{"0":[0,3],"1":[3,0]},"meta":{"lastBranch":2,"lastFunction":2,"lastStatement":24,"seen":{"s:22:6:22:21":0,"s:25:0:25:Infinity":1,"s:26:0:29:Infinity":2,"s:30:0:30:Infinity":3,"b:33:0:34:Infinity:undefined:undefined:undefined:undefined":0,"s:33:0:34:Infinity":4,"s:34:2:34:Infinity":5,"s:38:0:38:Infinity":6,"s:41:0:41:Infinity":7,"s:44:0:44:Infinity":8,"s:47:0:47:Infinity":9,"s:50:0:50:Infinity":10,"b:50:58:50:60:50:63:50:76":1,"s:51:0:51:Infinity":11,"s:52:0:52:Infinity":12,"s:53:0:53:Infinity":13,"s:54:0:54:Infinity":14,"s:55:0:55:Infinity":15,"s:56:0:56:Infinity":16,"s:57:0:57:Infinity":17,"s:58:0:58:Infinity":18,"s:61:0:67:Infinity":19,"f:61:8:61:27":0,"s:62:2:66:Infinity":20,"s:70:0:72:Infinity":21,"f:70:4:70:9":1,"s:71:2:71:Infinity":22,"s:75:0:75:Infinity":23}}}
,"D:\\Coding Projects\\Anti gravity project\\Practice Project 1\\src\\config\\db.ts": {"path":"D:\\Coding Projects\\Anti gravity project\\Practice Project 1\\src\\config\\db.ts","statementMap":{"0":{"start":{"line":7,"column":20},"end":{"line":9,"column":2}},"1":{"start":{"line":11,"column":13},"end":{"line":11,"column":43}},"2":{"start":{"line":13,"column":25},"end":{"line":20,"column":null}},"3":{"start":{"line":14,"column":2},"end":{"line":20,"column":null}},"4":{"start":{"line":15,"column":19},"end":{"line":15,"column":39}},"5":{"start":{"line":16,"column":4},"end":{"line":16,"column":null}},"6":{"start":{"line":17,"column":4},"end":{"line":17,"column":null}},"7":{"start":{"line":19,"column":4},"end":{"line":19,"column":null}},"8":{"start":{"line":20,"column":4},"end":{"line":20,"column":null}}},"fnMap":{"0":{"name":"(anonymous_0)","decl":{"start":{"line":13,"column":25},"end":{"line":13,"column":37}},"loc":{"start":{"line":13,"column":37},"end":{"line":20,"column":null}},"line":13}},"branchMap":{},"s":{"0":3,"1":3,"2":3,"3":0,"4":0,"5":0,"6":0,"7":0,"8":0},"f":{"0":0},"b":{},"meta":{"lastBranch":0,"lastFunction":1,"lastStatement":9,"seen":{"s:7:20:9:2":0,"s:11:13:11:43":1,"s:13:25:20:Infinity":2,"f:13:25:13:37":0,"s:14:2:20:Infinity":3,"s:15:19:15:39":4,"s:16:4:16:Infinity":5,"s:17:4:17:Infinity":6,"s:19:4:19:Infinity":7,"s:20:4:20:Infinity":8}}}
,"D:\\Coding Projects\\Anti gravity project\\Practice Project 1\\src\\config\\env.ts": {"path":"D:\\Coding Projects\\Anti gravity project\\Practice Project 1\\src\\config\\env.ts","statementMap":{"0":{"start":{"line":4,"column":0},"end":{"line":4,"column":null}},"1":{"start":{"line":6,"column":18},"end":{"line":13,"column":2}},"2":{"start":{"line":15,"column":13},"end":{"line":15,"column":45}},"3":{"start":{"line":17,"column":0},"end":{"line":19,"column":null}},"4":{"start":{"line":18,"column":2},"end":{"line":18,"column":null}},"5":{"start":{"line":19,"column":2},"end":{"line":19,"column":null}},"6":{"start":{"line":22,"column":19},"end":{"line":22,"column":null}}},"fnMap":{},"branchMap":{"0":{"loc":{"start":{"line":17,"column":0},"end":{"line":19,"column":null}},"type":"if","locations":[{"start":{"line":17,"column":0},"end":{"line":19,"column":null}},{"start":{},"end":{}}],"line":17}},"s":{"0":4,"1":4,"2":4,"3":4,"4":0,"5":0,"6":4},"f":{},"b":{"0":[0,4]},"meta":{"lastBranch":1,"lastFunction":0,"lastStatement":7,"seen":{"s:4:0:4:Infinity":0,"s:6:18:13:2":1,"s:15:13:15:45":2,"b:17:0:19:Infinity:undefined:undefined:undefined:undefined":0,"s:17:0:19:Infinity":3,"s:18:2:18:Infinity":4,"s:19:2:19:Infinity":5,"s:22:19:22:Infinity":6}}}
,"D:\\Coding Projects\\Anti gravity project\\Practice Project 1\\src\\config\\logger.ts": {"path":"D:\\Coding Projects\\Anti gravity project\\Practice Project 1\\src\\config\\logger.ts","statementMap":{"0":{"start":{"line":4,"column":28},"end":{"line":5,"column":null}},"1":{"start":{"line":8,"column":0},"end":{"line":16,"column":null}},"2":{"start":{"line":9,"column":2},"end":{"line":16,"column":null}},"3":{"start":{"line":19,"column":13},"end":{"line":19,"column":32}}},"fnMap":{},"branchMap":{"0":{"loc":{"start":{"line":5,"column":9},"end":{"line":5,"column":null}},"type":"cond-expr","locations":[{"start":{"line":5,"column":42},"end":{"line":5,"column":52}},{"start":{"line":5,"column":52},"end":{"line":5,"column":null}}],"line":5},"1":{"loc":{"start":{"line":8,"column":0},"end":{"line":16,"column":null}},"type":"if","locations":[{"start":{"line":8,"column":0},"end":{"line":16,"column":null}},{"start":{},"end":{}}],"line":8},"2":{"loc":{"start":{"line":8,"column":4},"end":{"line":8,"column":63}},"type":"binary-expr","locations":[{"start":{"line":8,"column":4},"end":{"line":8,"column":38}},{"start":{"line":8,"column":38},"end":{"line":8,"column":63}}],"line":8}},"s":{"0":3,"1":3,"2":3,"3":3},"f":{},"b":{"0":[0,3],"1":[3,0],"2":[3,3]},"meta":{"lastBranch":3,"lastFunction":0,"lastStatement":4,"seen":{"s:4:28:5:Infinity":0,"b:5:42:5:52:5:52:5:Infinity":0,"b:8:0:16:Infinity:undefined:undefined:undefined:undefined":1,"s:8:0:16:Infinity":1,"b:8:4:8:38:8:38:8:63":2,"s:9:2:16:Infinity":2,"s:19:13:19:32":3}}}
,"D:\\Coding Projects\\Anti gravity project\\Practice Project 1\\src\\config\\swagger.ts": {"path":"D:\\Coding Projects\\Anti gravity project\\Practice Project 1\\src\\config\\swagger.ts","statementMap":{"0":{"start":{"line":3,"column":38},"end":{"line":42,"column":null}},"1":{"start":{"line":44,"column":13},"end":{"line":44,"column":48}}},"fnMap":{},"branchMap":{},"s":{"0":3,"1":3},"f":{},"b":{},"meta":{"lastBranch":0,"lastFunction":0,"lastStatement":2,"seen":{"s:3:38:42:Infinity":0,"s:44:13:44:48":1}}}
,"D:\\Coding Projects\\Anti gravity project\\Practice Project 1\\src\\db\\schema.ts": {"path":"D:\\Coding Projects\\Anti gravity project\\Practice Project 1\\src\\db\\schema.ts","statementMap":{"0":{"start":{"line":5,"column":13},"end":{"line":12,"column":2}},"1":{"start":{"line":15,"column":13},"end":{"line":22,"column":2}},"2":{"start":{"line":16,"column":56},"end":{"line":16,"column":71}},"3":{"start":{"line":25,"column":13},"end":{"line":35,"column":2}},"4":{"start":{"line":32,"column":65},"end":{"line":32,"column":80}},"5":{"start":{"line":38,"column":13},"end":{"line":46,"column":3}},"6":{"start":{"line":40,"column":59},"end":{"line":40,"column":74}},"7":{"start":{"line":41,"column":57},"end":{"line":41,"column":74}},"8":{"start":{"line":44,"column":11},"end":{"line":45,"column":null}},"9":{"start":{"line":49,"column":13},"end":{"line":59,"column":2}},"10":{"start":{"line":56,"column":57},"end":{"line":56,"column":74}},"11":{"start":{"line":62,"column":13},"end":{"line":71,"column":3}},"12":{"start":{"line":64,"column":59},"end":{"line":64,"column":74}},"13":{"start":{"line":65,"column":57},"end":{"line":65,"column":74}},"14":{"start":{"line":69,"column":11},"end":{"line":70,"column":null}},"15":{"start":{"line":74,"column":13},"end":{"line":83,"column":3}},"16":{"start":{"line":76,"column":59},"end":{"line":76,"column":74}},"17":{"start":{"line":77,"column":57},"end":{"line":77,"column":74}},"18":{"start":{"line":81,"column":11},"end":{"line":82,"column":null}},"19":{"start":{"line":86,"column":13},"end":{"line":92,"column":2}},"20":{"start":{"line":88,"column":57},"end":{"line":88,"column":74}},"21":{"start":{"line":95,"column":13},"end":{"line":100,"column":2}},"22":{"start":{"line":97,"column":53},"end":{"line":97,"column":70}},"23":{"start":{"line":103,"column":13},"end":{"line":108,"column":2}},"24":{"start":{"line":105,"column":61},"end":{"line":105,"column":80}},"25":{"start":{"line":111,"column":13},"end":{"line":118,"column":2}},"26":{"start":{"line":113,"column":59},"end":{"line":113,"column":74}},"27":{"start":{"line":114,"column":53},"end":{"line":114,"column":70}},"28":{"start":{"line":121,"column":13},"end":{"line":127,"column":2}},"29":{"start":{"line":123,"column":57},"end":{"line":123,"column":74}},"30":{"start":{"line":124,"column":53},"end":{"line":124,"column":68}},"31":{"start":{"line":130,"column":13},"end":{"line":136,"column":2}},"32":{"start":{"line":132,"column":65},"end":{"line":132,"column":86}},"33":{"start":{"line":133,"column":53},"end":{"line":133,"column":68}},"34":{"start":{"line":140,"column":13},"end":{"line":148,"column":3}},"35":{"start":{"line":140,"column":67},"end":{"line":148,"column":3}},"36":{"start":{"line":150,"column":13},"end":{"line":158,"column":3}},"37":{"start":{"line":150,"column":76},"end":{"line":158,"column":3}},"38":{"start":{"line":160,"column":13},"end":{"line":171,"column":3}},"39":{"start":{"line":160,"column":76},"end":{"line":171,"column":3}},"40":{"start":{"line":173,"column":13},"end":{"line":183,"column":3}},"41":{"start":{"line":173,"column":84},"end":{"line":183,"column":3}},"42":{"start":{"line":185,"column":13},"end":{"line":194,"column":3}},"43":{"start":{"line":185,"column":90},"end":{"line":194,"column":3}},"44":{"start":{"line":196,"column":13},"end":{"line":203,"column":3}},"45":{"start":{"line":196,"column":76},"end":{"line":203,"column":3}},"46":{"start":{"line":205,"column":13},"end":{"line":211,"column":3}},"47":{"start":{"line":205,"column":80},"end":{"line":211,"column":3}},"48":{"start":{"line":213,"column":13},"end":{"line":218,"column":3}},"49":{"start":{"line":213,"column":70},"end":{"line":217,"column":null}},"50":{"start":{"line":220,"column":13},"end":{"line":229,"column":3}},"51":{"start":{"line":220,"column":80},"end":{"line":229,"column":3}},"52":{"start":{"line":231,"column":13},"end":{"line":240,"column":3}},"53":{"start":{"line":231,"column":84},"end":{"line":240,"column":3}},"54":{"start":{"line":242,"column":13},"end":{"line":251,"column":3}},"55":{"start":{"line":242,"column":78},"end":{"line":251,"column":3}},"56":{"start":{"line":253,"column":13},"end":{"line":262,"column":3}},"57":{"start":{"line":253,"column":70},"end":{"line":262,"column":3}}},"fnMap":{"0":{"name":"(anonymous_0)","decl":{"start":{"line":16,"column":39},"end":{"line":16,"column":56}},"loc":{"start":{"line":16,"column":56},"end":{"line":16,"column":71}},"line":16},"1":{"name":"(anonymous_1)","decl":{"start":{"line":32,"column":48},"end":{"line":32,"column":65}},"loc":{"start":{"line":32,"column":65},"end":{"line":32,"column":80}},"line":32},"2":{"name":"(anonymous_2)","decl":{"start":{"line":40,"column":42},"end":{"line":40,"column":59}},"loc":{"start":{"line":40,"column":59},"end":{"line":40,"column":74}},"line":40},"3":{"name":"(anonymous_3)","decl":{"start":{"line":41,"column":40},"end":{"line":41,"column":57}},"loc":{"start":{"line":41,"column":57},"end":{"line":41,"column":74}},"line":41},"4":{"name":"(anonymous_4)","decl":{"start":{"line":44,"column":1},"end":{"line":44,"column":4}},"loc":{"start":{"line":44,"column":11},"end":{"line":45,"column":null}},"line":44},"5":{"name":"(anonymous_5)","decl":{"start":{"line":56,"column":40},"end":{"line":56,"column":57}},"loc":{"start":{"line":56,"column":57},"end":{"line":56,"column":74}},"line":56},"6":{"name":"(anonymous_6)","decl":{"start":{"line":64,"column":42},"end":{"line":64,"column":59}},"loc":{"start":{"line":64,"column":59},"end":{"line":64,"column":74}},"line":64},"7":{"name":"(anonymous_7)","decl":{"start":{"line":65,"column":40},"end":{"line":65,"column":57}},"loc":{"start":{"line":65,"column":57},"end":{"line":65,"column":74}},"line":65},"8":{"name":"(anonymous_8)","decl":{"start":{"line":69,"column":1},"end":{"line":69,"column":4}},"loc":{"start":{"line":69,"column":11},"end":{"line":70,"column":null}},"line":69},"9":{"name":"(anonymous_9)","decl":{"start":{"line":76,"column":42},"end":{"line":76,"column":59}},"loc":{"start":{"line":76,"column":59},"end":{"line":76,"column":74}},"line":76},"10":{"name":"(anonymous_10)","decl":{"start":{"line":77,"column":40},"end":{"line":77,"column":57}},"loc":{"start":{"line":77,"column":57},"end":{"line":77,"column":74}},"line":77},"11":{"name":"(anonymous_11)","decl":{"start":{"line":81,"column":1},"end":{"line":81,"column":4}},"loc":{"start":{"line":81,"column":11},"end":{"line":82,"column":null}},"line":81},"12":{"name":"(anonymous_12)","decl":{"start":{"line":88,"column":40},"end":{"line":88,"column":57}},"loc":{"start":{"line":88,"column":57},"end":{"line":88,"column":74}},"line":88},"13":{"name":"(anonymous_13)","decl":{"start":{"line":97,"column":36},"end":{"line":97,"column":53}},"loc":{"start":{"line":97,"column":53},"end":{"line":97,"column":70}},"line":97},"14":{"name":"(anonymous_14)","decl":{"start":{"line":105,"column":44},"end":{"line":105,"column":61}},"loc":{"start":{"line":105,"column":61},"end":{"line":105,"column":80}},"line":105},"15":{"name":"(anonymous_15)","decl":{"start":{"line":113,"column":42},"end":{"line":113,"column":59}},"loc":{"start":{"line":113,"column":59},"end":{"line":113,"column":74}},"line":113},"16":{"name":"(anonymous_16)","decl":{"start":{"line":114,"column":36},"end":{"line":114,"column":53}},"loc":{"start":{"line":114,"column":53},"end":{"line":114,"column":70}},"line":114},"17":{"name":"(anonymous_17)","decl":{"start":{"line":123,"column":40},"end":{"line":123,"column":57}},"loc":{"start":{"line":123,"column":57},"end":{"line":123,"column":74}},"line":123},"18":{"name":"(anonymous_18)","decl":{"start":{"line":124,"column":36},"end":{"line":124,"column":53}},"loc":{"start":{"line":124,"column":53},"end":{"line":124,"column":68}},"line":124},"19":{"name":"(anonymous_19)","decl":{"start":{"line":132,"column":48},"end":{"line":132,"column":65}},"loc":{"start":{"line":132,"column":65},"end":{"line":132,"column":86}},"line":132},"20":{"name":"(anonymous_20)","decl":{"start":{"line":133,"column":36},"end":{"line":133,"column":53}},"loc":{"start":{"line":133,"column":53},"end":{"line":133,"column":68}},"line":133},"21":{"name":"(anonymous_21)","decl":{"start":{"line":140,"column":40},"end":{"line":140,"column":53}},"loc":{"start":{"line":140,"column":67},"end":{"line":148,"column":3}},"line":140},"22":{"name":"(anonymous_22)","decl":{"start":{"line":150,"column":42},"end":{"line":150,"column":57}},"loc":{"start":{"line":150,"column":76},"end":{"line":158,"column":3}},"line":150},"23":{"name":"(anonymous_23)","decl":{"start":{"line":160,"column":42},"end":{"line":160,"column":57}},"loc":{"start":{"line":160,"column":76},"end":{"line":171,"column":3}},"line":160},"24":{"name":"(anonymous_24)","decl":{"start":{"line":173,"column":46},"end":{"line":173,"column":65}},"loc":{"start":{"line":173,"column":84},"end":{"line":183,"column":3}},"line":173},"25":{"name":"(anonymous_25)","decl":{"start":{"line":185,"column":52},"end":{"line":185,"column":77}},"loc":{"start":{"line":185,"column":90},"end":{"line":194,"column":3}},"line":185},"26":{"name":"(anonymous_26)","decl":{"start":{"line":196,"column":42},"end":{"line":196,"column":57}},"loc":{"start":{"line":196,"column":76},"end":{"line":203,"column":3}},"line":196},"27":{"name":"(anonymous_27)","decl":{"start":{"line":205,"column":44},"end":{"line":205,"column":61}},"loc":{"start":{"line":205,"column":80},"end":{"line":211,"column":3}},"line":205},"28":{"name":"(anonymous_28)","decl":{"start":{"line":213,"column":42},"end":{"line":213,"column":57}},"loc":{"start":{"line":213,"column":70},"end":{"line":217,"column":null}},"line":213},"29":{"name":"(anonymous_29)","decl":{"start":{"line":220,"column":47},"end":{"line":220,"column":67}},"loc":{"start":{"line":220,"column":80},"end":{"line":229,"column":3}},"line":220},"30":{"name":"(anonymous_30)","decl":{"start":{"line":231,"column":49},"end":{"line":231,"column":71}},"loc":{"start":{"line":231,"column":84},"end":{"line":240,"column":3}},"line":231},"31":{"name":"(anonymous_31)","decl":{"start":{"line":242,"column":46},"end":{"line":242,"column":65}},"loc":{"start":{"line":242,"column":78},"end":{"line":251,"column":3}},"line":242},"32":{"name":"(anonymous_32)","decl":{"start":{"line":253,"column":42},"end":{"line":253,"column":57}},"loc":{"start":{"line":253,"column":70},"end":{"line":262,"column":3}},"line":253}},"branchMap":{},"s":{"0":4,"1":4,"2":0,"3":4,"4":0,"5":4,"6":0,"7":0,"8":3,"9":4,"10":0,"11":4,"12":0,"13":0,"14":3,"15":4,"16":0,"17":0,"18":3,"19":4,"20":0,"21":4,"22":0,"23":4,"24":0,"25":4,"26":0,"27":0,"28":4,"29":0,"30":0,"31":4,"32":0,"33":0,"34":4,"35":3,"36":4,"37":3,"38":4,"39":3,"40":4,"41":3,"42":4,"43":3,"44":4,"45":3,"46":4,"47":3,"48":4,"49":3,"50":4,"51":3,"52":4,"53":3,"54":4,"55":3,"56":4,"57":3},"f":{"0":0,"1":0,"2":0,"3":0,"4":3,"5":0,"6":0,"7":0,"8":3,"9":0,"10":0,"11":3,"12":0,"13":0,"14":0,"15":0,"16":0,"17":0,"18":0,"19":0,"20":0,"21":3,"22":3,"23":3,"24":3,"25":3,"26":3,"27":3,"28":3,"29":3,"30":3,"31":3,"32":3},"b":{},"meta":{"lastBranch":0,"lastFunction":33,"lastStatement":58,"seen":{"s:5:13:12:2":0,"s:15:13:22:2":1,"f:16:39:16:56":0,"s:16:56:16:71":2,"s:25:13:35:2":3,"f:32:48:32:65":1,"s:32:65:32:80":4,"s:38:13:46:3":5,"f:40:42:40:59":2,"s:40:59:40:74":6,"f:41:40:41:57":3,"s:41:57:41:74":7,"f:44:1:44:4":4,"s:44:11:45:Infinity":8,"s:49:13:59:2":9,"f:56:40:56:57":5,"s:56:57:56:74":10,"s:62:13:71:3":11,"f:64:42:64:59":6,"s:64:59:64:74":12,"f:65:40:65:57":7,"s:65:57:65:74":13,"f:69:1:69:4":8,"s:69:11:70:Infinity":14,"s:74:13:83:3":15,"f:76:42:76:59":9,"s:76:59:76:74":16,"f:77:40:77:57":10,"s:77:57:77:74":17,"f:81:1:81:4":11,"s:81:11:82:Infinity":18,"s:86:13:92:2":19,"f:88:40:88:57":12,"s:88:57:88:74":20,"s:95:13:100:2":21,"f:97:36:97:53":13,"s:97:53:97:70":22,"s:103:13:108:2":23,"f:105:44:105:61":14,"s:105:61:105:80":24,"s:111:13:118:2":25,"f:113:42:113:59":15,"s:113:59:113:74":26,"f:114:36:114:53":16,"s:114:53:114:70":27,"s:121:13:127:2":28,"f:123:40:123:57":17,"s:123:57:123:74":29,"f:124:36:124:53":18,"s:124:53:124:68":30,"s:130:13:136:2":31,"f:132:48:132:65":19,"s:132:65:132:86":32,"f:133:36:133:53":20,"s:133:53:133:68":33,"s:140:13:148:3":34,"f:140:40:140:53":21,"s:140:67:148:3":35,"s:150:13:158:3":36,"f:150:42:150:57":22,"s:150:76:158:3":37,"s:160:13:171:3":38,"f:160:42:160:57":23,"s:160:76:171:3":39,"s:173:13:183:3":40,"f:173:46:173:65":24,"s:173:84:183:3":41,"s:185:13:194:3":42,"f:185:52:185:77":25,"s:185:90:194:3":43,"s:196:13:203:3":44,"f:196:42:196:57":26,"s:196:76:203:3":45,"s:205:13:211:3":46,"f:205:44:205:61":27,"s:205:80:211:3":47,"s:213:13:218:3":48,"f:213:42:213:57":28,"s:213:70:217:Infinity":49,"s:220:13:229:3":50,"f:220:47:220:67":29,"s:220:80:229:3":51,"s:231:13:240:3":52,"f:231:49:231:71":30,"s:231:84:240:3":53,"s:242:13:251:3":54,"f:242:46:242:65":31,"s:242:78:251:3":55,"s:253:13:262:3":56,"f:253:42:253:57":32,"s:253:70:262:3":57}}}
,"D:\\Coding Projects\\Anti gravity project\\Practice Project 1\\src\\middleware\\errorHandler.ts": {"path":"D:\\Coding Projects\\Anti gravity project\\Practice Project 1\\src\\middleware\\errorHandler.ts","statementMap":{"0":{"start":{"line":5,"column":13},"end":{"line":33,"column":null}},"1":{"start":{"line":6,"column":2},"end":{"line":6,"column":null}},"2":{"start":{"line":7,"column":2},"end":{"line":7,"column":null}},"3":{"start":{"line":9,"column":2},"end":{"line":33,"column":null}},"4":{"start":{"line":10,"column":4},"end":{"line":10,"column":null}},"5":{"start":{"line":10,"column":41},"end":{"line":10,"column":null}},"6":{"start":{"line":11,"column":4},"end":{"line":16,"column":null}},"7":{"start":{"line":19,"column":4},"end":{"line":33,"column":null}},"8":{"start":{"line":20,"column":6},"end":{"line":24,"column":null}},"9":{"start":{"line":27,"column":6},"end":{"line":27,"column":null}},"10":{"start":{"line":28,"column":6},"end":{"line":33,"column":null}}},"fnMap":{"0":{"name":"(anonymous_0)","decl":{"start":{"line":5,"column":13},"end":{"line":5,"column":29}},"loc":{"start":{"line":5,"column":91},"end":{"line":33,"column":null}},"line":5}},"branchMap":{"0":{"loc":{"start":{"line":6,"column":19},"end":{"line":6,"column":null}},"type":"binary-expr","locations":[{"start":{"line":6,"column":19},"end":{"line":6,"column":37}},{"start":{"line":6,"column":37},"end":{"line":6,"column":null}}],"line":6},"1":{"loc":{"start":{"line":7,"column":15},"end":{"line":7,"column":null}},"type":"binary-expr","locations":[{"start":{"line":7,"column":15},"end":{"line":7,"column":29}},{"start":{"line":7,"column":29},"end":{"line":7,"column":null}}],"line":7},"2":{"loc":{"start":{"line":9,"column":2},"end":{"line":33,"column":null}},"type":"if","locations":[{"start":{"line":9,"column":2},"end":{"line":33,"column":null}},{"start":{"line":17,"column":9},"end":{"line":33,"column":null}}],"line":9},"3":{"loc":{"start":{"line":9,"column":2},"end":{"line":9,"column":81}},"type":"binary-expr","locations":[{"start":{"line":9,"column":2},"end":{"line":9,"column":73}},{"start":{"line":9,"column":31},"end":{"line":9,"column":81}}],"line":9},"4":{"loc":{"start":{"line":10,"column":4},"end":{"line":10,"column":null}},"type":"if","locations":[{"start":{"line":10,"column":4},"end":{"line":10,"column":null}},{"start":{},"end":{}}],"line":10},"5":{"loc":{"start":{"line":19,"column":4},"end":{"line":33,"column":null}},"type":"if","locations":[{"start":{"line":19,"column":4},"end":{"line":33,"column":null}},{"start":{"line":25,"column":11},"end":{"line":33,"column":null}}],"line":19},"6":{"loc":{"start":{"line":31,"column":15},"end":{"line":31,"column":null}},"type":"binary-expr","locations":[{"start":{"line":31,"column":15},"end":{"line":31,"column":30}},{"start":{"line":31,"column":30},"end":{"line":31,"column":null}}],"line":31}},"s":{"0":3,"1":3,"2":3,"3":3,"4":3,"5":3,"6":3,"7":0,"8":0,"9":0,"10":0},"f":{"0":3},"b":{"0":[3,0],"1":[3,1],"2":[3,0],"3":[3,3],"4":[3,0],"5":[0,0],"6":[0,0]},"meta":{"lastBranch":7,"lastFunction":1,"lastStatement":11,"seen":{"s:5:13:33:Infinity":0,"f:5:13:5:29":0,"s:6:2:6:Infinity":1,"b:6:19:6:37:6:37:6:Infinity":0,"s:7:2:7:Infinity":2,"b:7:15:7:29:7:29:7:Infinity":1,"b:9:2:33:Infinity:17:9:33:Infinity":2,"s:9:2:33:Infinity":3,"b:9:2:9:73:9:31:9:81":3,"b:10:4:10:Infinity:undefined:undefined:undefined:undefined":4,"s:10:4:10:Infinity":4,"s:10:41:10:Infinity":5,"s:11:4:16:Infinity":6,"b:19:4:33:Infinity:25:11:33:Infinity":5,"s:19:4:33:Infinity":7,"s:20:6:24:Infinity":8,"s:27:6:27:Infinity":9,"s:28:6:33:Infinity":10,"b:31:15:31:30:31:30:31:Infinity":6}}}
,"D:\\Coding Projects\\Anti gravity project\\Practice Project 1\\src\\middleware\\rateLimiter.ts": {"path":"D:\\Coding Projects\\Anti gravity project\\Practice Project 1\\src\\middleware\\rateLimiter.ts","statementMap":{"0":{"start":{"line":4,"column":13},"end":{"line":13,"column":2}},"1":{"start":{"line":16,"column":13},"end":{"line":25,"column":2}}},"fnMap":{},"branchMap":{},"s":{"0":3,"1":3},"f":{},"b":{},"meta":{"lastBranch":0,"lastFunction":0,"lastStatement":2,"seen":{"s:4:13:13:2":0,"s:16:13:25:2":1}}}
,"D:\\Coding Projects\\Anti gravity project\\Practice Project 1\\src\\middleware\\requireAuth.ts": {"path":"D:\\Coding Projects\\Anti gravity project\\Practice Project 1\\src\\middleware\\requireAuth.ts","statementMap":{"0":{"start":{"line":14,"column":13},"end":{"line":46,"column":null}},"1":{"start":{"line":18,"column":2},"end":{"line":19,"column":null}},"2":{"start":{"line":19,"column":4},"end":{"line":19,"column":null}},"3":{"start":{"line":22,"column":2},"end":{"line":23,"column":null}},"4":{"start":{"line":23,"column":4},"end":{"line":23,"column":null}},"5":{"start":{"line":26,"column":2},"end":{"line":44,"column":null}},"6":{"start":{"line":28,"column":20},"end":{"line":28,"column":53}},"7":{"start":{"line":31,"column":4},"end":{"line":34,"column":null}},"8":{"start":{"line":36,"column":4},"end":{"line":36,"column":null}},"9":{"start":{"line":38,"column":4},"end":{"line":39,"column":null}},"10":{"start":{"line":39,"column":6},"end":{"line":39,"column":null}},"11":{"start":{"line":41,"column":4},"end":{"line":42,"column":null}},"12":{"start":{"line":42,"column":6},"end":{"line":42,"column":null}},"13":{"start":{"line":44,"column":4},"end":{"line":44,"column":null}}},"fnMap":{"0":{"name":"(anonymous_0)","decl":{"start":{"line":14,"column":38},"end":{"line":14,"column":45}},"loc":{"start":{"line":14,"column":97},"end":{"line":46,"column":null}},"line":14}},"branchMap":{"0":{"loc":{"start":{"line":18,"column":2},"end":{"line":19,"column":null}},"type":"if","locations":[{"start":{"line":18,"column":2},"end":{"line":19,"column":null}},{"start":{},"end":{}}],"line":18},"1":{"loc":{"start":{"line":18,"column":6},"end":{"line":18,"column":81}},"type":"binary-expr","locations":[{"start":{"line":18,"column":6},"end":{"line":18,"column":35}},{"start":{"line":18,"column":35},"end":{"line":18,"column":81}}],"line":18},"2":{"loc":{"start":{"line":22,"column":2},"end":{"line":23,"column":null}},"type":"if","locations":[{"start":{"line":22,"column":2},"end":{"line":23,"column":null}},{"start":{},"end":{}}],"line":22},"3":{"loc":{"start":{"line":38,"column":4},"end":{"line":39,"column":null}},"type":"if","locations":[{"start":{"line":38,"column":4},"end":{"line":39,"column":null}},{"start":{},"end":{}}],"line":38},"4":{"loc":{"start":{"line":41,"column":4},"end":{"line":42,"column":null}},"type":"if","locations":[{"start":{"line":41,"column":4},"end":{"line":42,"column":null}},{"start":{},"end":{}}],"line":41}},"s":{"0":3,"1":2,"2":1,"3":2,"4":1,"5":1,"6":1,"7":1,"8":1,"9":0,"10":0,"11":0,"12":0,"13":0},"f":{"0":2},"b":{"0":[1,1],"1":[2,1],"2":[1,1],"3":[0,0],"4":[0,0]},"meta":{"lastBranch":5,"lastFunction":1,"lastStatement":14,"seen":{"s:14:13:46:Infinity":0,"f:14:38:14:45":0,"b:18:2:19:Infinity:undefined:undefined:undefined:undefined":0,"s:18:2:19:Infinity":1,"b:18:6:18:35:18:35:18:81":1,"s:19:4:19:Infinity":2,"b:22:2:23:Infinity:undefined:undefined:undefined:undefined":2,"s:22:2:23:Infinity":3,"s:23:4:23:Infinity":4,"s:26:2:44:Infinity":5,"s:28:20:28:53":6,"s:31:4:34:Infinity":7,"s:36:4:36:Infinity":8,"b:38:4:39:Infinity:undefined:undefined:undefined:undefined":3,"s:38:4:39:Infinity":9,"s:39:6:39:Infinity":10,"b:41:4:42:Infinity:undefined:undefined:undefined:undefined":4,"s:41:4:42:Infinity":11,"s:42:6:42:Infinity":12,"s:44:4:44:Infinity":13}}}
,"D:\\Coding Projects\\Anti gravity project\\Practice Project 1\\src\\middleware\\restrictTo.ts": {"path":"D:\\Coding Projects\\Anti gravity project\\Practice Project 1\\src\\middleware\\restrictTo.ts","statementMap":{"0":{"start":{"line":4,"column":13},"end":{"line":9,"column":null}},"1":{"start":{"line":5,"column":2},"end":{"line":9,"column":null}},"2":{"start":{"line":6,"column":4},"end":{"line":7,"column":null}},"3":{"start":{"line":7,"column":6},"end":{"line":7,"column":null}},"4":{"start":{"line":9,"column":4},"end":{"line":9,"column":null}}},"fnMap":{"0":{"name":"(anonymous_0)","decl":{"start":{"line":4,"column":13},"end":{"line":4,"column":27}},"loc":{"start":{"line":4,"column":50},"end":{"line":9,"column":null}},"line":4},"1":{"name":"(anonymous_1)","decl":{"start":{"line":5,"column":2},"end":{"line":5,"column":10}},"loc":{"start":{"line":5,"column":62},"end":{"line":9,"column":null}},"line":5}},"branchMap":{"0":{"loc":{"start":{"line":6,"column":4},"end":{"line":7,"column":null}},"type":"if","locations":[{"start":{"line":6,"column":4},"end":{"line":7,"column":null}},{"start":{},"end":{}}],"line":6},"1":{"loc":{"start":{"line":6,"column":8},"end":{"line":6,"column":51}},"type":"binary-expr","locations":[{"start":{"line":6,"column":8},"end":{"line":6,"column":21}},{"start":{"line":6,"column":21},"end":{"line":6,"column":51}}],"line":6}},"s":{"0":3,"1":45,"2":1,"3":0,"4":1},"f":{"0":45,"1":1},"b":{"0":[0,1],"1":[1,1]},"meta":{"lastBranch":2,"lastFunction":2,"lastStatement":5,"seen":{"s:4:13:9:Infinity":0,"f:4:13:4:27":0,"s:5:2:9:Infinity":1,"f:5:2:5:10":1,"b:6:4:7:Infinity:undefined:undefined:undefined:undefined":0,"s:6:4:7:Infinity":2,"b:6:8:6:21:6:21:6:51":1,"s:7:6:7:Infinity":3,"s:9:4:9:Infinity":4}}}
,"D:\\Coding Projects\\Anti gravity project\\Practice Project 1\\src\\middleware\\validateRequest.ts": {"path":"D:\\Coding Projects\\Anti gravity project\\Practice Project 1\\src\\middleware\\validateRequest.ts","statementMap":{"0":{"start":{"line":4,"column":13},"end":{"line":26,"column":null}},"1":{"start":{"line":5,"column":2},"end":{"line":26,"column":null}},"2":{"start":{"line":6,"column":4},"end":{"line":26,"column":null}},"3":{"start":{"line":7,"column":6},"end":{"line":11,"column":null}},"4":{"start":{"line":12,"column":6},"end":{"line":12,"column":null}},"5":{"start":{"line":14,"column":6},"end":{"line":24,"column":null}},"6":{"start":{"line":15,"column":24},"end":{"line":18,"column":11}},"7":{"start":{"line":15,"column":53},"end":{"line":18,"column":11}},"8":{"start":{"line":19,"column":8},"end":{"line":24,"column":null}},"9":{"start":{"line":26,"column":6},"end":{"line":26,"column":null}}},"fnMap":{"0":{"name":"(anonymous_0)","decl":{"start":{"line":4,"column":13},"end":{"line":4,"column":32}},"loc":{"start":{"line":4,"column":52},"end":{"line":26,"column":null}},"line":4},"1":{"name":"(anonymous_1)","decl":{"start":{"line":5,"column":9},"end":{"line":5,"column":16}},"loc":{"start":{"line":5,"column":68},"end":{"line":26,"column":null}},"line":5},"2":{"name":"(anonymous_2)","decl":{"start":{"line":15,"column":37},"end":{"line":15,"column":42}},"loc":{"start":{"line":15,"column":53},"end":{"line":18,"column":11}},"line":15}},"branchMap":{"0":{"loc":{"start":{"line":14,"column":6},"end":{"line":24,"column":null}},"type":"if","locations":[{"start":{"line":14,"column":6},"end":{"line":24,"column":null}},{"start":{},"end":{}}],"line":14}},"s":{"0":3,"1":21,"2":3,"3":3,"4":3,"5":0,"6":0,"7":0,"8":0,"9":0},"f":{"0":21,"1":3,"2":0},"b":{"0":[0,0]},"meta":{"lastBranch":1,"lastFunction":3,"lastStatement":10,"seen":{"s:4:13:26:Infinity":0,"f:4:13:4:32":0,"s:5:2:26:Infinity":1,"f:5:9:5:16":1,"s:6:4:26:Infinity":2,"s:7:6:11:Infinity":3,"s:12:6:12:Infinity":4,"b:14:6:24:Infinity:undefined:undefined:undefined:undefined":0,"s:14:6:24:Infinity":5,"s:15:24:18:11":6,"f:15:37:15:42":2,"s:15:53:18:11":7,"s:19:8:24:Infinity":8,"s:26:6:26:Infinity":9}}}
,"D:\\Coding Projects\\Anti gravity project\\Practice Project 1\\src\\modules\\admin\\admin.controller.ts": {"path":"D:\\Coding Projects\\Anti gravity project\\Practice Project 1\\src\\modules\\admin\\admin.controller.ts","statementMap":{"0":{"start":{"line":8,"column":13},"end":{"line":26,"column":null}},"1":{"start":{"line":9,"column":16},"end":{"line":19,"column":70}},"2":{"start":{"line":21,"column":2},"end":{"line":25,"column":null}},"3":{"start":{"line":28,"column":13},"end":{"line":50,"column":null}},"4":{"start":{"line":29,"column":13},"end":{"line":29,"column":null}},"5":{"start":{"line":30,"column":19},"end":{"line":30,"column":null}},"6":{"start":{"line":32,"column":21},"end":{"line":32,"column":null}},"7":{"start":{"line":33,"column":2},"end":{"line":34,"column":null}},"8":{"start":{"line":34,"column":4},"end":{"line":34,"column":null}},"9":{"start":{"line":37,"column":2},"end":{"line":37,"column":null}},"10":{"start":{"line":37,"column":11},"end":{"line":37,"column":null}},"11":{"start":{"line":39,"column":18},"end":{"line":39,"column":90}},"12":{"start":{"line":40,"column":2},"end":{"line":41,"column":null}},"13":{"start":{"line":41,"column":4},"end":{"line":41,"column":null}},"14":{"start":{"line":44,"column":2},"end":{"line":44,"column":null}},"15":{"start":{"line":46,"column":2},"end":{"line":49,"column":null}},"16":{"start":{"line":52,"column":13},"end":{"line":65,"column":null}},"17":{"start":{"line":53,"column":20},"end":{"line":53,"column":72}},"18":{"start":{"line":54,"column":22},"end":{"line":54,"column":76}},"19":{"start":{"line":55,"column":26},"end":{"line":55,"column":84}},"20":{"start":{"line":57,"column":2},"end":{"line":64,"column":null}}},"fnMap":{"0":{"name":"(anonymous_0)","decl":{"start":{"line":8,"column":38},"end":{"line":8,"column":45}},"loc":{"start":{"line":8,"column":77},"end":{"line":26,"column":null}},"line":8},"1":{"name":"(anonymous_1)","decl":{"start":{"line":28,"column":41},"end":{"line":28,"column":48}},"loc":{"start":{"line":28,"column":80},"end":{"line":50,"column":null}},"line":28},"2":{"name":"(anonymous_2)","decl":{"start":{"line":52,"column":40},"end":{"line":52,"column":47}},"loc":{"start":{"line":52,"column":79},"end":{"line":65,"column":null}},"line":52}},"branchMap":{"0":{"loc":{"start":{"line":33,"column":2},"end":{"line":34,"column":null}},"type":"if","locations":[{"start":{"line":33,"column":2},"end":{"line":34,"column":null}},{"start":{},"end":{}}],"line":33},"1":{"loc":{"start":{"line":37,"column":2},"end":{"line":37,"column":null}},"type":"if","locations":[{"start":{"line":37,"column":2},"end":{"line":37,"column":null}},{"start":{},"end":{}}],"line":37},"2":{"loc":{"start":{"line":40,"column":2},"end":{"line":41,"column":null}},"type":"if","locations":[{"start":{"line":40,"column":2},"end":{"line":41,"column":null}},{"start":{},"end":{}}],"line":40},"3":{"loc":{"start":{"line":60,"column":13},"end":{"line":60,"column":null}},"type":"binary-expr","locations":[{"start":{"line":60,"column":13},"end":{"line":60,"column":36}},{"start":{"line":60,"column":36},"end":{"line":60,"column":null}}],"line":60},"4":{"loc":{"start":{"line":61,"column":15},"end":{"line":61,"column":null}},"type":"binary-expr","locations":[{"start":{"line":61,"column":15},"end":{"line":61,"column":40}},{"start":{"line":61,"column":40},"end":{"line":61,"column":null}}],"line":61},"5":{"loc":{"start":{"line":62,"column":19},"end":{"line":62,"column":null}},"type":"binary-expr","locations":[{"start":{"line":62,"column":19},"end":{"line":62,"column":48}},{"start":{"line":62,"column":48},"end":{"line":62,"column":null}}],"line":62}},"s":{"0":3,"1":0,"2":0,"3":3,"4":0,"5":0,"6":0,"7":0,"8":0,"9":0,"10":0,"11":0,"12":0,"13":0,"14":0,"15":0,"16":3,"17":0,"18":0,"19":0,"20":0},"f":{"0":0,"1":0,"2":0},"b":{"0":[0,0],"1":[0,0],"2":[0,0],"3":[0,0],"4":[0,0],"5":[0,0]},"meta":{"lastBranch":6,"lastFunction":3,"lastStatement":21,"seen":{"s:8:13:26:Infinity":0,"f:8:38:8:45":0,"s:9:16:19:70":1,"s:21:2:25:Infinity":2,"s:28:13:50:Infinity":3,"f:28:41:28:48":1,"s:29:13:29:Infinity":4,"s:30:19:30:Infinity":5,"s:32:21:32:Infinity":6,"b:33:2:34:Infinity:undefined:undefined:undefined:undefined":0,"s:33:2:34:Infinity":7,"s:34:4:34:Infinity":8,"b:37:2:37:Infinity:undefined:undefined:undefined:undefined":1,"s:37:2:37:Infinity":9,"s:37:11:37:Infinity":10,"s:39:18:39:90":11,"b:40:2:41:Infinity:undefined:undefined:undefined:undefined":2,"s:40:2:41:Infinity":12,"s:41:4:41:Infinity":13,"s:44:2:44:Infinity":14,"s:46:2:49:Infinity":15,"s:52:13:65:Infinity":16,"f:52:40:52:47":2,"s:53:20:53:72":17,"s:54:22:54:76":18,"s:55:26:55:84":19,"s:57:2:64:Infinity":20,"b:60:13:60:36:60:36:60:Infinity":3,"b:61:15:61:40:61:40:61:Infinity":4,"b:62:19:62:48:62:48:62:Infinity":5}}}
,"D:\\Coding Projects\\Anti gravity project\\Practice Project 1\\src\\modules\\admin\\admin.routes.ts": {"path":"D:\\Coding Projects\\Anti gravity project\\Practice Project 1\\src\\modules\\admin\\admin.routes.ts","statementMap":{"0":{"start":{"line":6,"column":15},"end":{"line":6,"column":31}},"1":{"start":{"line":8,"column":0},"end":{"line":8,"column":null}},"2":{"start":{"line":9,"column":0},"end":{"line":9,"column":null}},"3":{"start":{"line":11,"column":0},"end":{"line":11,"column":null}},"4":{"start":{"line":12,"column":0},"end":{"line":12,"column":null}},"5":{"start":{"line":13,"column":0},"end":{"line":13,"column":null}}},"fnMap":{},"branchMap":{},"s":{"0":3,"1":3,"2":3,"3":3,"4":3,"5":3},"f":{},"b":{},"meta":{"lastBranch":0,"lastFunction":0,"lastStatement":6,"seen":{"s:6:15:6:31":0,"s:8:0:8:Infinity":1,"s:9:0:9:Infinity":2,"s:11:0:11:Infinity":3,"s:12:0:12:Infinity":4,"s:13:0:13:Infinity":5}}}
,"D:\\Coding Projects\\Anti gravity project\\Practice Project 1\\src\\modules\\auth\\auth.controller.ts": {"path":"D:\\Coding Projects\\Anti gravity project\\Practice Project 1\\src\\modules\\auth\\auth.controller.ts","statementMap":{"0":{"start":{"line":31,"column":13},"end":{"line":39,"column":null}},"1":{"start":{"line":32,"column":17},"end":{"line":32,"column":53}},"2":{"start":{"line":34,"column":2},"end":{"line":38,"column":null}},"3":{"start":{"line":61,"column":13},"end":{"line":83,"column":null}},"4":{"start":{"line":62,"column":46},"end":{"line":62,"column":79}},"5":{"start":{"line":64,"column":2},"end":{"line":69,"column":null}},"6":{"start":{"line":71,"column":2},"end":{"line":82,"column":null}},"7":{"start":{"line":85,"column":13},"end":{"line":106,"column":null}},"8":{"start":{"line":86,"column":17},"end":{"line":86,"column":null}},"9":{"start":{"line":88,"column":18},"end":{"line":100,"column":13}},"10":{"start":{"line":102,"column":2},"end":{"line":105,"column":null}},"11":{"start":{"line":108,"column":13},"end":{"line":129,"column":null}},"12":{"start":{"line":109,"column":17},"end":{"line":109,"column":null}},"13":{"start":{"line":111,"column":22},"end":{"line":122,"column":50}},"14":{"start":{"line":124,"column":2},"end":{"line":128,"column":null}},"15":{"start":{"line":131,"column":13},"end":{"line":192,"column":null}},"16":{"start":{"line":132,"column":17},"end":{"line":132,"column":null}},"17":{"start":{"line":134,"column":22},"end":{"line":146,"column":50}},"18":{"start":{"line":148,"column":19},"end":{"line":176,"column":null}},"19":{"start":{"line":150,"column":32},"end":{"line":153,"column":55}},"20":{"start":{"line":155,"column":35},"end":{"line":163,"column":null}},"21":{"start":{"line":166,"column":27},"end":{"line":166,"column":null}},"22":{"start":{"line":167,"column":31},"end":{"line":167,"column":null}},"23":{"start":{"line":168,"column":30},"end":{"line":168,"column":null}},"24":{"start":{"line":170,"column":6},"end":{"line":175,"column":null}},"25":{"start":{"line":179,"column":27},"end":{"line":179,"column":null}},"26":{"start":{"line":180,"column":25},"end":{"line":180,"column":null}},"27":{"start":{"line":180,"column":46},"end":{"line":180,"column":72}},"28":{"start":{"line":181,"column":26},"end":{"line":183,"column":null}},"29":{"start":{"line":182,"column":45},"end":{"line":182,"column":70}},"30":{"start":{"line":185,"column":2},"end":{"line":191,"column":null}},"31":{"start":{"line":194,"column":13},"end":{"line":202,"column":null}},"32":{"start":{"line":195,"column":23},"end":{"line":195,"column":null}},"33":{"start":{"line":196,"column":26},"end":{"line":196,"column":65}},"34":{"start":{"line":198,"column":2},"end":{"line":201,"column":null}},"35":{"start":{"line":204,"column":13},"end":{"line":218,"column":null}},"36":{"start":{"line":205,"column":23},"end":{"line":205,"column":null}},"37":{"start":{"line":206,"column":2},"end":{"line":206,"column":null}},"38":{"start":{"line":208,"column":2},"end":{"line":212,"column":null}},"39":{"start":{"line":214,"column":2},"end":{"line":217,"column":null}},"40":{"start":{"line":220,"column":13},"end":{"line":223,"column":null}},"41":{"start":{"line":221,"column":2},"end":{"line":221,"column":null}},"42":{"start":{"line":222,"column":2},"end":{"line":222,"column":null}},"43":{"start":{"line":225,"column":13},"end":{"line":229,"column":null}},"44":{"start":{"line":226,"column":16},"end":{"line":226,"column":null}},"45":{"start":{"line":227,"column":2},"end":{"line":227,"column":null}},"46":{"start":{"line":228,"column":2},"end":{"line":228,"column":null}}},"fnMap":{"0":{"name":"(anonymous_0)","decl":{"start":{"line":31,"column":35},"end":{"line":31,"column":42}},"loc":{"start":{"line":31,"column":74},"end":{"line":39,"column":null}},"line":31},"1":{"name":"(anonymous_1)","decl":{"start":{"line":61,"column":32},"end":{"line":61,"column":39}},"loc":{"start":{"line":61,"column":71},"end":{"line":83,"column":null}},"line":61},"2":{"name":"(anonymous_2)","decl":{"start":{"line":85,"column":32},"end":{"line":85,"column":39}},"loc":{"start":{"line":85,"column":71},"end":{"line":106,"column":null}},"line":85},"3":{"name":"(anonymous_3)","decl":{"start":{"line":108,"column":43},"end":{"line":108,"column":50}},"loc":{"start":{"line":108,"column":82},"end":{"line":129,"column":null}},"line":108},"4":{"name":"(anonymous_4)","decl":{"start":{"line":131,"column":39},"end":{"line":131,"column":46}},"loc":{"start":{"line":131,"column":78},"end":{"line":192,"column":null}},"line":131},"5":{"name":"(anonymous_5)","decl":{"start":{"line":149,"column":20},"end":{"line":149,"column":27}},"loc":{"start":{"line":149,"column":35},"end":{"line":176,"column":null}},"line":149},"6":{"name":"(anonymous_6)","decl":{"start":{"line":180,"column":34},"end":{"line":180,"column":41}},"loc":{"start":{"line":180,"column":46},"end":{"line":180,"column":72}},"line":180},"7":{"name":"(anonymous_7)","decl":{"start":{"line":182,"column":26},"end":{"line":182,"column":34}},"loc":{"start":{"line":182,"column":45},"end":{"line":182,"column":70}},"line":182},"8":{"name":"(anonymous_8)","decl":{"start":{"line":194,"column":34},"end":{"line":194,"column":41}},"loc":{"start":{"line":194,"column":73},"end":{"line":202,"column":null}},"line":194},"9":{"name":"(anonymous_9)","decl":{"start":{"line":204,"column":33},"end":{"line":204,"column":40}},"loc":{"start":{"line":204,"column":72},"end":{"line":218,"column":null}},"line":204},"10":{"name":"(anonymous_10)","decl":{"start":{"line":220,"column":41},"end":{"line":220,"column":48}},"loc":{"start":{"line":220,"column":80},"end":{"line":223,"column":null}},"line":220},"11":{"name":"(anonymous_11)","decl":{"start":{"line":225,"column":40},"end":{"line":225,"column":47}},"loc":{"start":{"line":225,"column":79},"end":{"line":229,"column":null}},"line":225}},"branchMap":{"0":{"loc":{"start":{"line":166,"column":27},"end":{"line":166,"column":null}},"type":"binary-expr","locations":[{"start":{"line":166,"column":27},"end":{"line":166,"column":58}},{"start":{"line":166,"column":58},"end":{"line":166,"column":null}}],"line":166},"1":{"loc":{"start":{"line":167,"column":31},"end":{"line":167,"column":null}},"type":"binary-expr","locations":[{"start":{"line":167,"column":31},"end":{"line":167,"column":65}},{"start":{"line":167,"column":65},"end":{"line":167,"column":null}}],"line":167},"2":{"loc":{"start":{"line":168,"column":30},"end":{"line":168,"column":null}},"type":"cond-expr","locations":[{"start":{"line":168,"column":49},"end":{"line":168,"column":100}},{"start":{"line":168,"column":103},"end":{"line":168,"column":null}}],"line":168},"3":{"loc":{"start":{"line":181,"column":26},"end":{"line":183,"column":null}},"type":"cond-expr","locations":[{"start":{"line":182,"column":6},"end":{"line":182,"column":92}},{"start":{"line":183,"column":6},"end":{"line":183,"column":null}}],"line":181}},"s":{"0":3,"1":2,"2":1,"3":3,"4":1,"5":1,"6":1,"7":3,"8":0,"9":0,"10":0,"11":3,"12":0,"13":0,"14":0,"15":3,"16":0,"17":0,"18":0,"19":0,"20":0,"21":0,"22":0,"23":0,"24":0,"25":0,"26":0,"27":0,"28":0,"29":0,"30":0,"31":3,"32":0,"33":0,"34":0,"35":3,"36":0,"37":0,"38":0,"39":0,"40":3,"41":0,"42":0,"43":3,"44":0,"45":0,"46":0},"f":{"0":2,"1":1,"2":0,"3":0,"4":0,"5":0,"6":0,"7":0,"8":0,"9":0,"10":0,"11":0},"b":{"0":[0,0],"1":[0,0],"2":[0,0],"3":[0,0]},"meta":{"lastBranch":4,"lastFunction":12,"lastStatement":47,"seen":{"s:31:13:39:Infinity":0,"f:31:35:31:42":0,"s:32:17:32:53":1,"s:34:2:38:Infinity":2,"s:61:13:83:Infinity":3,"f:61:32:61:39":1,"s:62:46:62:79":4,"s:64:2:69:Infinity":5,"s:71:2:82:Infinity":6,"s:85:13:106:Infinity":7,"f:85:32:85:39":2,"s:86:17:86:Infinity":8,"s:88:18:100:13":9,"s:102:2:105:Infinity":10,"s:108:13:129:Infinity":11,"f:108:43:108:50":3,"s:109:17:109:Infinity":12,"s:111:22:122:50":13,"s:124:2:128:Infinity":14,"s:131:13:192:Infinity":15,"f:131:39:131:46":4,"s:132:17:132:Infinity":16,"s:134:22:146:50":17,"s:148:19:176:Infinity":18,"f:149:20:149:27":5,"s:150:32:153:55":19,"s:155:35:163:Infinity":20,"s:166:27:166:Infinity":21,"b:166:27:166:58:166:58:166:Infinity":0,"s:167:31:167:Infinity":22,"b:167:31:167:65:167:65:167:Infinity":1,"s:168:30:168:Infinity":23,"b:168:49:168:100:168:103:168:Infinity":2,"s:170:6:175:Infinity":24,"s:179:27:179:Infinity":25,"s:180:25:180:Infinity":26,"f:180:34:180:41":6,"s:180:46:180:72":27,"s:181:26:183:Infinity":28,"b:182:6:182:92:183:6:183:Infinity":3,"f:182:26:182:34":7,"s:182:45:182:70":29,"s:185:2:191:Infinity":30,"s:194:13:202:Infinity":31,"f:194:34:194:41":8,"s:195:23:195:Infinity":32,"s:196:26:196:65":33,"s:198:2:201:Infinity":34,"s:204:13:218:Infinity":35,"f:204:33:204:40":9,"s:205:23:205:Infinity":36,"s:206:2:206:Infinity":37,"s:208:2:212:Infinity":38,"s:214:2:217:Infinity":39,"s:220:13:223:Infinity":40,"f:220:41:220:48":10,"s:221:2:221:Infinity":41,"s:222:2:222:Infinity":42,"s:225:13:229:Infinity":43,"f:225:40:225:47":11,"s:226:16:226:Infinity":44,"s:227:2:227:Infinity":45,"s:228:2:228:Infinity":46}}}
,"D:\\Coding Projects\\Anti gravity project\\Practice Project 1\\src\\modules\\auth\\auth.routes.ts": {"path":"D:\\Coding Projects\\Anti gravity project\\Practice Project 1\\src\\modules\\auth\\auth.routes.ts","statementMap":{"0":{"start":{"line":8,"column":15},"end":{"line":8,"column":31}},"1":{"start":{"line":10,"column":0},"end":{"line":10,"column":null}},"2":{"start":{"line":11,"column":0},"end":{"line":11,"column":null}},"3":{"start":{"line":12,"column":0},"end":{"line":12,"column":null}},"4":{"start":{"line":13,"column":0},"end":{"line":13,"column":null}},"5":{"start":{"line":14,"column":0},"end":{"line":14,"column":null}},"6":{"start":{"line":17,"column":0},"end":{"line":17,"column":null}},"7":{"start":{"line":19,"column":0},"end":{"line":19,"column":null}},"8":{"start":{"line":20,"column":0},"end":{"line":20,"column":null}},"9":{"start":{"line":21,"column":0},"end":{"line":21,"column":null}},"10":{"start":{"line":22,"column":0},"end":{"line":22,"column":null}}},"fnMap":{},"branchMap":{},"s":{"0":3,"1":3,"2":3,"3":3,"4":3,"5":3,"6":3,"7":3,"8":3,"9":3,"10":3},"f":{},"b":{},"meta":{"lastBranch":0,"lastFunction":0,"lastStatement":11,"seen":{"s:8:15:8:31":0,"s:10:0:10:Infinity":1,"s:11:0:11:Infinity":2,"s:12:0:12:Infinity":3,"s:13:0:13:Infinity":4,"s:14:0:14:Infinity":5,"s:17:0:17:Infinity":6,"s:19:0:19:Infinity":7,"s:20:0:20:Infinity":8,"s:21:0:21:Infinity":9,"s:22:0:22:Infinity":10}}}
,"D:\\Coding Projects\\Anti gravity project\\Practice Project 1\\src\\modules\\auth\\auth.schema.ts": {"path":"D:\\Coding Projects\\Anti gravity project\\Practice Project 1\\src\\modules\\auth\\auth.schema.ts","statementMap":{"0":{"start":{"line":3,"column":30},"end":{"line":12,"column":2}},"1":{"start":{"line":8,"column":90},"end":{"line":8,"column":128}},"2":{"start":{"line":14,"column":27},"end":{"line":19,"column":2}},"3":{"start":{"line":21,"column":36},"end":{"line":25,"column":2}},"4":{"start":{"line":27,"column":35},"end":{"line":33,"column":2}},"5":{"start":{"line":29,"column":90},"end":{"line":29,"column":128}}},"fnMap":{"0":{"name":"(anonymous_0)","decl":{"start":{"line":8,"column":74},"end":{"line":8,"column":82}},"loc":{"start":{"line":8,"column":90},"end":{"line":8,"column":128}},"line":8},"1":{"name":"(anonymous_1)","decl":{"start":{"line":29,"column":74},"end":{"line":29,"column":82}},"loc":{"start":{"line":29,"column":90},"end":{"line":29,"column":128}},"line":29}},"branchMap":{"0":{"loc":{"start":{"line":8,"column":90},"end":{"line":8,"column":128}},"type":"binary-expr","locations":[{"start":{"line":8,"column":90},"end":{"line":8,"column":107}},{"start":{"line":8,"column":111},"end":{"line":8,"column":128}}],"line":8},"1":{"loc":{"start":{"line":29,"column":90},"end":{"line":29,"column":128}},"type":"binary-expr","locations":[{"start":{"line":29,"column":90},"end":{"line":29,"column":107}},{"start":{"line":29,"column":111},"end":{"line":29,"column":128}}],"line":29}},"s":{"0":3,"1":2,"2":3,"3":3,"4":3,"5":0},"f":{"0":2,"1":0},"b":{"0":[2,2],"1":[0,0]},"meta":{"lastBranch":2,"lastFunction":2,"lastStatement":6,"seen":{"s:3:30:12:2":0,"f:8:74:8:82":0,"s:8:90:8:128":1,"b:8:90:8:107:8:111:8:128":0,"s:14:27:19:2":2,"s:21:36:25:2":3,"s:27:35:33:2":4,"f:29:74:29:82":1,"s:29:90:29:128":5,"b:29:90:29:107:29:111:29:128":1}}}
,"D:\\Coding Projects\\Anti gravity project\\Practice Project 1\\src\\modules\\auth\\auth.service.ts": {"path":"D:\\Coding Projects\\Anti gravity project\\Practice Project 1\\src\\modules\\auth\\auth.service.ts","statementMap":{"0":{"start":{"line":13,"column":6},"end":{"line":16,"column":null}},"1":{"start":{"line":14,"column":22},"end":{"line":14,"column":82}},"2":{"start":{"line":15,"column":23},"end":{"line":15,"column":99}},"3":{"start":{"line":16,"column":2},"end":{"line":16,"column":null}},"4":{"start":{"line":21,"column":53},"end":{"line":21,"column":null}},"5":{"start":{"line":23,"column":25},"end":{"line":23,"column":109}},"6":{"start":{"line":24,"column":4},"end":{"line":25,"column":null}},"7":{"start":{"line":25,"column":6},"end":{"line":25,"column":null}},"8":{"start":{"line":28,"column":10},"end":{"line":28,"column":30}},"9":{"start":{"line":29,"column":27},"end":{"line":29,"column":58}},"10":{"start":{"line":31,"column":4},"end":{"line":44,"column":null}},"11":{"start":{"line":32,"column":6},"end":{"line":37,"column":null}},"12":{"start":{"line":39,"column":6},"end":{"line":43,"column":null}},"13":{"start":{"line":46,"column":4},"end":{"line":46,"column":null}},"14":{"start":{"line":50,"column":32},"end":{"line":50,"column":null}},"15":{"start":{"line":52,"column":24},"end":{"line":52,"column":108}},"16":{"start":{"line":53,"column":21},"end":{"line":53,"column":null}},"17":{"start":{"line":55,"column":4},"end":{"line":56,"column":null}},"18":{"start":{"line":56,"column":6},"end":{"line":56,"column":null}},"19":{"start":{"line":59,"column":20},"end":{"line":59,"column":105}},"20":{"start":{"line":60,"column":17},"end":{"line":60,"column":null}},"21":{"start":{"line":61,"column":4},"end":{"line":61,"column":null}},"22":{"start":{"line":61,"column":15},"end":{"line":61,"column":null}},"23":{"start":{"line":63,"column":42},"end":{"line":63,"column":76}},"24":{"start":{"line":65,"column":4},"end":{"line":65,"column":null}},"25":{"start":{"line":67,"column":4},"end":{"line":67,"column":null}},"26":{"start":{"line":72,"column":4},"end":{"line":75,"column":null}},"27":{"start":{"line":73,"column":6},"end":{"line":73,"column":null}},"28":{"start":{"line":75,"column":6},"end":{"line":75,"column":null}},"29":{"start":{"line":78,"column":26},"end":{"line":78,"column":116}},"30":{"start":{"line":79,"column":23},"end":{"line":79,"column":null}},"31":{"start":{"line":81,"column":4},"end":{"line":82,"column":null}},"32":{"start":{"line":82,"column":6},"end":{"line":82,"column":null}},"33":{"start":{"line":85,"column":24},"end":{"line":85,"column":110}},"34":{"start":{"line":86,"column":4},"end":{"line":86,"column":null}},"35":{"start":{"line":90,"column":24},"end":{"line":90,"column":108}},"36":{"start":{"line":91,"column":21},"end":{"line":91,"column":null}},"37":{"start":{"line":93,"column":4},"end":{"line":93,"column":null}},"38":{"start":{"line":93,"column":19},"end":{"line":93,"column":null}},"39":{"start":{"line":95,"column":23},"end":{"line":95,"column":61}},"40":{"start":{"line":96,"column":29},"end":{"line":96,"column":89}},"41":{"start":{"line":97,"column":19},"end":{"line":97,"column":56}},"42":{"start":{"line":99,"column":4},"end":{"line":101,"column":null}},"43":{"start":{"line":103,"column":21},"end":{"line":103,"column":null}},"44":{"start":{"line":104,"column":20},"end":{"line":107,"column":null}},"45":{"start":{"line":110,"column":4},"end":{"line":114,"column":null}},"46":{"start":{"line":118,"column":29},"end":{"line":118,"column":84}},"47":{"start":{"line":120,"column":24},"end":{"line":122,"column":15}},"48":{"start":{"line":124,"column":21},"end":{"line":124,"column":null}},"49":{"start":{"line":126,"column":4},"end":{"line":127,"column":null}},"50":{"start":{"line":127,"column":6},"end":{"line":127,"column":null}},"51":{"start":{"line":130,"column":30},"end":{"line":130,"column":61}},"52":{"start":{"line":132,"column":4},"end":{"line":138,"column":null}},"53":{"start":{"line":142,"column":4},"end":{"line":147,"column":null}},"54":{"start":{"line":143,"column":27},"end":{"line":143,"column":51}},"55":{"start":{"line":144,"column":6},"end":{"line":145,"column":null}},"56":{"start":{"line":145,"column":8},"end":{"line":145,"column":null}}},"fnMap":{"0":{"name":"(anonymous_0)","decl":{"start":{"line":13,"column":6},"end":{"line":13,"column":24}},"loc":{"start":{"line":13,"column":53},"end":{"line":16,"column":null}},"line":13},"1":{"name":"(anonymous_1)","decl":{"start":{"line":20,"column":15},"end":{"line":20,"column":24}},"loc":{"start":{"line":20,"column":35},"end":{"line":46,"column":null}},"line":20},"2":{"name":"(anonymous_2)","decl":{"start":{"line":31,"column":25},"end":{"line":31,"column":32}},"loc":{"start":{"line":31,"column":39},"end":{"line":44,"column":null}},"line":31},"3":{"name":"(anonymous_3)","decl":{"start":{"line":49,"column":15},"end":{"line":49,"column":21}},"loc":{"start":{"line":49,"column":32},"end":{"line":67,"column":null}},"line":49},"4":{"name":"(anonymous_4)","decl":{"start":{"line":70,"column":15},"end":{"line":70,"column":23}},"loc":{"start":{"line":70,"column":45},"end":{"line":86,"column":null}},"line":70},"5":{"name":"(anonymous_5)","decl":{"start":{"line":89,"column":15},"end":{"line":89,"column":30}},"loc":{"start":{"line":89,"column":45},"end":{"line":114,"column":null}},"line":89},"6":{"name":"(anonymous_6)","decl":{"start":{"line":117,"column":15},"end":{"line":117,"column":29}},"loc":{"start":{"line":117,"column":59},"end":{"line":138,"column":null}},"line":117},"7":{"name":"(anonymous_7)","decl":{"start":{"line":141,"column":15},"end":{"line":141,"column":33}},"loc":{"start":{"line":141,"column":55},"end":{"line":147,"column":null}},"line":141}},"branchMap":{"0":{"loc":{"start":{"line":24,"column":4},"end":{"line":25,"column":null}},"type":"if","locations":[{"start":{"line":24,"column":4},"end":{"line":25,"column":null}},{"start":{},"end":{}}],"line":24},"1":{"loc":{"start":{"line":55,"column":4},"end":{"line":56,"column":null}},"type":"if","locations":[{"start":{"line":55,"column":4},"end":{"line":56,"column":null}},{"start":{},"end":{}}],"line":55},"2":{"loc":{"start":{"line":55,"column":8},"end":{"line":55,"column":78}},"type":"binary-expr","locations":[{"start":{"line":55,"column":8},"end":{"line":55,"column":21}},{"start":{"line":55,"column":21},"end":{"line":55,"column":78}}],"line":55},"3":{"loc":{"start":{"line":61,"column":4},"end":{"line":61,"column":null}},"type":"if","locations":[{"start":{"line":61,"column":4},"end":{"line":61,"column":null}},{"start":{},"end":{}}],"line":61},"4":{"loc":{"start":{"line":81,"column":4},"end":{"line":82,"column":null}},"type":"if","locations":[{"start":{"line":81,"column":4},"end":{"line":82,"column":null}},{"start":{},"end":{}}],"line":81},"5":{"loc":{"start":{"line":81,"column":8},"end":{"line":81,"column":65}},"type":"binary-expr","locations":[{"start":{"line":81,"column":8},"end":{"line":81,"column":23}},{"start":{"line":81,"column":23},"end":{"line":81,"column":65}}],"line":81},"6":{"loc":{"start":{"line":93,"column":4},"end":{"line":93,"column":null}},"type":"if","locations":[{"start":{"line":93,"column":4},"end":{"line":93,"column":null}},{"start":{},"end":{}}],"line":93},"7":{"loc":{"start":{"line":126,"column":4},"end":{"line":127,"column":null}},"type":"if","locations":[{"start":{"line":126,"column":4},"end":{"line":127,"column":null}},{"start":{},"end":{}}],"line":126},"8":{"loc":{"start":{"line":126,"column":8},"end":{"line":126,"column":99}},"type":"binary-expr","locations":[{"start":{"line":126,"column":8},"end":{"line":126,"column":21}},{"start":{"line":126,"column":21},"end":{"line":126,"column":51}},{"start":{"line":126,"column":51},"end":{"line":126,"column":99}}],"line":126},"9":{"loc":{"start":{"line":144,"column":6},"end":{"line":145,"column":null}},"type":"if","locations":[{"start":{"line":144,"column":6},"end":{"line":145,"column":null}},{"start":{},"end":{}}],"line":144},"10":{"loc":{"start":{"line":144,"column":10},"end":{"line":144,"column":33}},"type":"binary-expr","locations":[{"start":{"line":144,"column":10},"end":{"line":144,"column":21}},{"start":{"line":144,"column":21},"end":{"line":144,"column":33}}],"line":144}},"s":{"0":3,"1":0,"2":0,"3":0,"4":2,"5":2,"6":2,"7":1,"8":1,"9":1,"10":1,"11":1,"12":1,"13":1,"14":1,"15":1,"16":1,"17":1,"18":1,"19":0,"20":0,"21":0,"22":0,"23":0,"24":0,"25":0,"26":0,"27":0,"28":0,"29":0,"30":0,"31":0,"32":0,"33":0,"34":0,"35":0,"36":0,"37":0,"38":0,"39":0,"40":0,"41":0,"42":0,"43":0,"44":0,"45":0,"46":0,"47":0,"48":0,"49":0,"50":0,"51":0,"52":0,"53":0,"54":0,"55":0,"56":0},"f":{"0":0,"1":3,"2":1,"3":3,"4":3,"5":3,"6":3,"7":3},"b":{"0":[1,1],"1":[1,0],"2":[1,0],"3":[0,0],"4":[0,0],"5":[0,0],"6":[0,0],"7":[0,0],"8":[0,0,0],"9":[0,0],"10":[0,0]},"meta":{"lastBranch":11,"lastFunction":8,"lastStatement":57,"seen":{"s:13:6:16:Infinity":0,"f:13:6:13:24":0,"s:14:22:14:82":1,"s:15:23:15:99":2,"s:16:2:16:Infinity":3,"f:20:15:20:24":1,"s:21:53:21:Infinity":4,"s:23:25:23:109":5,"b:24:4:25:Infinity:undefined:undefined:undefined:undefined":0,"s:24:4:25:Infinity":6,"s:25:6:25:Infinity":7,"s:28:10:28:30":8,"s:29:27:29:58":9,"s:31:4:44:Infinity":10,"f:31:25:31:32":2,"s:32:6:37:Infinity":11,"s:39:6:43:Infinity":12,"s:46:4:46:Infinity":13,"f:49:15:49:21":3,"s:50:32:50:Infinity":14,"s:52:24:52:108":15,"s:53:21:53:Infinity":16,"b:55:4:56:Infinity:undefined:undefined:undefined:undefined":1,"s:55:4:56:Infinity":17,"b:55:8:55:21:55:21:55:78":2,"s:56:6:56:Infinity":18,"s:59:20:59:105":19,"s:60:17:60:Infinity":20,"b:61:4:61:Infinity:undefined:undefined:undefined:undefined":3,"s:61:4:61:Infinity":21,"s:61:15:61:Infinity":22,"s:63:42:63:76":23,"s:65:4:65:Infinity":24,"s:67:4:67:Infinity":25,"f:70:15:70:23":4,"s:72:4:75:Infinity":26,"s:73:6:73:Infinity":27,"s:75:6:75:Infinity":28,"s:78:26:78:116":29,"s:79:23:79:Infinity":30,"b:81:4:82:Infinity:undefined:undefined:undefined:undefined":4,"s:81:4:82:Infinity":31,"b:81:8:81:23:81:23:81:65":5,"s:82:6:82:Infinity":32,"s:85:24:85:110":33,"s:86:4:86:Infinity":34,"f:89:15:89:30":5,"s:90:24:90:108":35,"s:91:21:91:Infinity":36,"b:93:4:93:Infinity:undefined:undefined:undefined:undefined":6,"s:93:4:93:Infinity":37,"s:93:19:93:Infinity":38,"s:95:23:95:61":39,"s:96:29:96:89":40,"s:97:19:97:56":41,"s:99:4:101:Infinity":42,"s:103:21:103:Infinity":43,"s:104:20:107:Infinity":44,"s:110:4:114:Infinity":45,"f:117:15:117:29":6,"s:118:29:118:84":46,"s:120:24:122:15":47,"s:124:21:124:Infinity":48,"b:126:4:127:Infinity:undefined:undefined:undefined:undefined":7,"s:126:4:127:Infinity":49,"b:126:8:126:21:126:21:126:51:126:51:126:99":8,"s:127:6:127:Infinity":50,"s:130:30:130:61":51,"s:132:4:138:Infinity":52,"f:141:15:141:33":7,"s:142:4:147:Infinity":53,"s:143:27:143:51":54,"b:144:6:145:Infinity:undefined:undefined:undefined:undefined":9,"s:144:6:145:Infinity":55,"b:144:10:144:21:144:21:144:33":10,"s:145:8:145:Infinity":56}}}
,"D:\\Coding Projects\\Anti gravity project\\Practice Project 1\\src\\modules\\courses\\courses.controller.ts": {"path":"D:\\Coding Projects\\Anti gravity project\\Practice Project 1\\src\\modules\\courses\\courses.controller.ts","statementMap":{"0":{"start":{"line":8,"column":13},"end":{"line":11,"column":null}},"1":{"start":{"line":9,"column":17},"end":{"line":9,"column":73}},"2":{"start":{"line":10,"column":2},"end":{"line":10,"column":null}},"3":{"start":{"line":13,"column":13},"end":{"line":16,"column":null}},"4":{"start":{"line":14,"column":17},"end":{"line":14,"column":59}},"5":{"start":{"line":15,"column":2},"end":{"line":15,"column":null}},"6":{"start":{"line":18,"column":13},"end":{"line":21,"column":null}},"7":{"start":{"line":19,"column":18},"end":{"line":19,"column":105}},"8":{"start":{"line":20,"column":2},"end":{"line":20,"column":null}},"9":{"start":{"line":23,"column":13},"end":{"line":26,"column":null}},"10":{"start":{"line":24,"column":17},"end":{"line":24,"column":73}},"11":{"start":{"line":25,"column":2},"end":{"line":25,"column":null}},"12":{"start":{"line":28,"column":13},"end":{"line":32,"column":null}},"13":{"start":{"line":29,"column":13},"end":{"line":29,"column":null}},"14":{"start":{"line":30,"column":17},"end":{"line":30,"column":68}},"15":{"start":{"line":31,"column":2},"end":{"line":31,"column":null}},"16":{"start":{"line":34,"column":13},"end":{"line":38,"column":null}},"17":{"start":{"line":35,"column":13},"end":{"line":35,"column":null}},"18":{"start":{"line":36,"column":17},"end":{"line":36,"column":77}},"19":{"start":{"line":37,"column":2},"end":{"line":37,"column":null}},"20":{"start":{"line":40,"column":13},"end":{"line":44,"column":null}},"21":{"start":{"line":41,"column":13},"end":{"line":41,"column":null}},"22":{"start":{"line":42,"column":2},"end":{"line":42,"column":null}},"23":{"start":{"line":43,"column":2},"end":{"line":43,"column":null}}},"fnMap":{"0":{"name":"(anonymous_0)","decl":{"start":{"line":8,"column":39},"end":{"line":8,"column":46}},"loc":{"start":{"line":8,"column":78},"end":{"line":11,"column":null}},"line":8},"1":{"name":"(anonymous_1)","decl":{"start":{"line":13,"column":40},"end":{"line":13,"column":47}},"loc":{"start":{"line":13,"column":79},"end":{"line":16,"column":null}},"line":13},"2":{"name":"(anonymous_2)","decl":{"start":{"line":18,"column":39},"end":{"line":18,"column":46}},"loc":{"start":{"line":18,"column":78},"end":{"line":21,"column":null}},"line":18},"3":{"name":"(anonymous_3)","decl":{"start":{"line":23,"column":41},"end":{"line":23,"column":48}},"loc":{"start":{"line":23,"column":80},"end":{"line":26,"column":null}},"line":23},"4":{"name":"(anonymous_4)","decl":{"start":{"line":28,"column":40},"end":{"line":28,"column":47}},"loc":{"start":{"line":28,"column":79},"end":{"line":32,"column":null}},"line":28},"5":{"name":"(anonymous_5)","decl":{"start":{"line":34,"column":39},"end":{"line":34,"column":46}},"loc":{"start":{"line":34,"column":78},"end":{"line":38,"column":null}},"line":34},"6":{"name":"(anonymous_6)","decl":{"start":{"line":40,"column":39},"end":{"line":40,"column":46}},"loc":{"start":{"line":40,"column":78},"end":{"line":44,"column":null}},"line":40}},"branchMap":{},"s":{"0":3,"1":0,"2":0,"3":3,"4":0,"5":0,"6":3,"7":0,"8":0,"9":3,"10":0,"11":0,"12":3,"13":0,"14":0,"15":0,"16":3,"17":0,"18":0,"19":0,"20":3,"21":0,"22":0,"23":0},"f":{"0":0,"1":0,"2":0,"3":0,"4":0,"5":0,"6":0},"b":{},"meta":{"lastBranch":0,"lastFunction":7,"lastStatement":24,"seen":{"s:8:13:11:Infinity":0,"f:8:39:8:46":0,"s:9:17:9:73":1,"s:10:2:10:Infinity":2,"s:13:13:16:Infinity":3,"f:13:40:13:47":1,"s:14:17:14:59":4,"s:15:2:15:Infinity":5,"s:18:13:21:Infinity":6,"f:18:39:18:46":2,"s:19:18:19:105":7,"s:20:2:20:Infinity":8,"s:23:13:26:Infinity":9,"f:23:41:23:48":3,"s:24:17:24:73":10,"s:25:2:25:Infinity":11,"s:28:13:32:Infinity":12,"f:28:40:28:47":4,"s:29:13:29:Infinity":13,"s:30:17:30:68":14,"s:31:2:31:Infinity":15,"s:34:13:38:Infinity":16,"f:34:39:34:46":5,"s:35:13:35:Infinity":17,"s:36:17:36:77":18,"s:37:2:37:Infinity":19,"s:40:13:44:Infinity":20,"f:40:39:40:46":6,"s:41:13:41:Infinity":21,"s:42:2:42:Infinity":22,"s:43:2:43:Infinity":23}}}
,"D:\\Coding Projects\\Anti gravity project\\Practice Project 1\\src\\modules\\courses\\courses.routes.ts": {"path":"D:\\Coding Projects\\Anti gravity project\\Practice Project 1\\src\\modules\\courses\\courses.routes.ts","statementMap":{"0":{"start":{"line":8,"column":15},"end":{"line":8,"column":31}},"1":{"start":{"line":11,"column":0},"end":{"line":11,"column":null}},"2":{"start":{"line":14,"column":0},"end":{"line":14,"column":null}},"3":{"start":{"line":16,"column":0},"end":{"line":16,"column":null}},"4":{"start":{"line":17,"column":0},"end":{"line":17,"column":null}},"5":{"start":{"line":18,"column":0},"end":{"line":18,"column":null}},"6":{"start":{"line":19,"column":0},"end":{"line":19,"column":null}},"7":{"start":{"line":20,"column":0},"end":{"line":20,"column":null}},"8":{"start":{"line":21,"column":0},"end":{"line":21,"column":null}}},"fnMap":{},"branchMap":{},"s":{"0":3,"1":3,"2":3,"3":3,"4":3,"5":3,"6":3,"7":3,"8":3},"f":{},"b":{},"meta":{"lastBranch":0,"lastFunction":0,"lastStatement":9,"seen":{"s:8:15:8:31":0,"s:11:0:11:Infinity":1,"s:14:0:14:Infinity":2,"s:16:0:16:Infinity":3,"s:17:0:17:Infinity":4,"s:18:0:18:Infinity":5,"s:19:0:19:Infinity":6,"s:20:0:20:Infinity":7,"s:21:0:21:Infinity":8}}}
,"D:\\Coding Projects\\Anti gravity project\\Practice Project 1\\src\\modules\\courses\\courses.schema.ts": {"path":"D:\\Coding Projects\\Anti gravity project\\Practice Project 1\\src\\modules\\courses\\courses.schema.ts","statementMap":{"0":{"start":{"line":3,"column":34},"end":{"line":10,"column":2}}},"fnMap":{},"branchMap":{},"s":{"0":3},"f":{},"b":{},"meta":{"lastBranch":0,"lastFunction":0,"lastStatement":1,"seen":{"s:3:34:10:2":0}}}
,"D:\\Coding Projects\\Anti gravity project\\Practice Project 1\\src\\modules\\courses\\courses.service.ts": {"path":"D:\\Coding Projects\\Anti gravity project\\Practice Project 1\\src\\modules\\courses\\courses.service.ts","statementMap":{"0":{"start":{"line":9,"column":52},"end":{"line":9,"column":null}},"1":{"start":{"line":10,"column":10},"end":{"line":10,"column":29}},"2":{"start":{"line":12,"column":4},"end":{"line":20,"column":null}},"3":{"start":{"line":22,"column":4},"end":{"line":22,"column":null}},"4":{"start":{"line":26,"column":54},"end":{"line":26,"column":null}},"5":{"start":{"line":27,"column":10},"end":{"line":27,"column":null}},"6":{"start":{"line":29,"column":28},"end":{"line":29,"column":64}},"7":{"start":{"line":30,"column":4},"end":{"line":31,"column":null}},"8":{"start":{"line":31,"column":6},"end":{"line":31,"column":null}},"9":{"start":{"line":33,"column":4},"end":{"line":34,"column":null}},"10":{"start":{"line":34,"column":6},"end":{"line":34,"column":null}},"11":{"start":{"line":37,"column":24},"end":{"line":39,"column":32}},"12":{"start":{"line":41,"column":25},"end":{"line":41,"column":null}},"13":{"start":{"line":42,"column":23},"end":{"line":42,"column":null}},"14":{"start":{"line":44,"column":20},"end":{"line":60,"column":21}},"15":{"start":{"line":62,"column":17},"end":{"line":77,"column":7}},"16":{"start":{"line":63,"column":27},"end":{"line":69,"column":47}},"17":{"start":{"line":71,"column":6},"end":{"line":76,"column":null}},"18":{"start":{"line":79,"column":4},"end":{"line":79,"column":null}},"19":{"start":{"line":83,"column":20},"end":{"line":83,"column":107}},"20":{"start":{"line":85,"column":28},"end":{"line":107,"column":null}},"21":{"start":{"line":87,"column":33},"end":{"line":88,"column":81}},"22":{"start":{"line":90,"column":29},"end":{"line":94,"column":73}},"23":{"start":{"line":96,"column":28},"end":{"line":96,"column":null}},"24":{"start":{"line":97,"column":8},"end":{"line":106,"column":null}},"25":{"start":{"line":110,"column":20},"end":{"line":114,"column":70}},"26":{"start":{"line":110,"column":56},"end":{"line":114,"column":8}},"27":{"start":{"line":116,"column":25},"end":{"line":116,"column":35}},"28":{"start":{"line":117,"column":4},"end":{"line":117,"column":null}},"29":{"start":{"line":118,"column":4},"end":{"line":118,"column":null}},"30":{"start":{"line":119,"column":4},"end":{"line":119,"column":null}},"31":{"start":{"line":121,"column":24},"end":{"line":131,"column":57}},"32":{"start":{"line":133,"column":30},"end":{"line":137,"column":57}},"33":{"start":{"line":139,"column":28},"end":{"line":155,"column":7}},"34":{"start":{"line":140,"column":23},"end":{"line":145,"column":77}},"35":{"start":{"line":147,"column":20},"end":{"line":147,"column":null}},"36":{"start":{"line":148,"column":6},"end":{"line":154,"column":null}},"37":{"start":{"line":157,"column":4},"end":{"line":162,"column":null}},"38":{"start":{"line":166,"column":22},"end":{"line":166,"column":148}},"39":{"start":{"line":167,"column":19},"end":{"line":167,"column":null}},"40":{"start":{"line":168,"column":4},"end":{"line":168,"column":null}},"41":{"start":{"line":168,"column":17},"end":{"line":168,"column":null}},"42":{"start":{"line":170,"column":20},"end":{"line":170,"column":134}},"43":{"start":{"line":171,"column":4},"end":{"line":171,"column":null}},"44":{"start":{"line":175,"column":19},"end":{"line":178,"column":18}},"45":{"start":{"line":180,"column":4},"end":{"line":180,"column":null}},"46":{"start":{"line":180,"column":29},"end":{"line":180,"column":null}},"47":{"start":{"line":181,"column":4},"end":{"line":181,"column":null}},"48":{"start":{"line":185,"column":19},"end":{"line":187,"column":18}},"49":{"start":{"line":189,"column":4},"end":{"line":189,"column":null}},"50":{"start":{"line":189,"column":29},"end":{"line":189,"column":null}}},"fnMap":{"0":{"name":"(anonymous_0)","decl":{"start":{"line":8,"column":15},"end":{"line":8,"column":28}},"loc":{"start":{"line":8,"column":61},"end":{"line":22,"column":null}},"line":8},"1":{"name":"(anonymous_1)","decl":{"start":{"line":25,"column":15},"end":{"line":25,"column":27}},"loc":{"start":{"line":25,"column":45},"end":{"line":79,"column":null}},"line":25},"2":{"name":"(anonymous_2)","decl":{"start":{"line":62,"column":47},"end":{"line":62,"column":54}},"loc":{"start":{"line":62,"column":60},"end":{"line":77,"column":7}},"line":62},"3":{"name":"(anonymous_3)","decl":{"start":{"line":82,"column":15},"end":{"line":82,"column":38}},"loc":{"start":{"line":82,"column":60},"end":{"line":162,"column":null}},"line":82},"4":{"name":"(anonymous_4)","decl":{"start":{"line":86,"column":18},"end":{"line":86,"column":25}},"loc":{"start":{"line":86,"column":36},"end":{"line":107,"column":null}},"line":86},"5":{"name":"(anonymous_5)","decl":{"start":{"line":110,"column":36},"end":{"line":110,"column":44}},"loc":{"start":{"line":110,"column":56},"end":{"line":114,"column":8}},"line":110},"6":{"name":"(anonymous_6)","decl":{"start":{"line":139,"column":68},"end":{"line":139,"column":75}},"loc":{"start":{"line":139,"column":84},"end":{"line":155,"column":7}},"line":139},"7":{"name":"(anonymous_7)","decl":{"start":{"line":165,"column":15},"end":{"line":165,"column":29}},"loc":{"start":{"line":165,"column":63},"end":{"line":171,"column":null}},"line":165},"8":{"name":"(anonymous_8)","decl":{"start":{"line":174,"column":15},"end":{"line":174,"column":28}},"loc":{"start":{"line":174,"column":73},"end":{"line":181,"column":null}},"line":174},"9":{"name":"(anonymous_9)","decl":{"start":{"line":184,"column":15},"end":{"line":184,"column":28}},"loc":{"start":{"line":184,"column":62},"end":{"line":189,"column":null}},"line":184}},"branchMap":{"0":{"loc":{"start":{"line":17,"column":16},"end":{"line":17,"column":null}},"type":"binary-expr","locations":[{"start":{"line":17,"column":16},"end":{"line":17,"column":28}},{"start":{"line":17,"column":28},"end":{"line":17,"column":null}}],"line":17},"1":{"loc":{"start":{"line":26,"column":30},"end":{"line":26,"column":40}},"type":"default-arg","locations":[{"start":{"line":26,"column":37},"end":{"line":26,"column":40}}],"line":26},"2":{"loc":{"start":{"line":26,"column":40},"end":{"line":26,"column":54}},"type":"default-arg","locations":[{"start":{"line":26,"column":48},"end":{"line":26,"column":54}}],"line":26},"3":{"loc":{"start":{"line":30,"column":4},"end":{"line":31,"column":null}},"type":"if","locations":[{"start":{"line":30,"column":4},"end":{"line":31,"column":null}},{"start":{},"end":{}}],"line":30},"4":{"loc":{"start":{"line":30,"column":8},"end":{"line":30,"column":40}},"type":"binary-expr","locations":[{"start":{"line":30,"column":8},"end":{"line":30,"column":20}},{"start":{"line":30,"column":20},"end":{"line":30,"column":40}}],"line":30},"5":{"loc":{"start":{"line":33,"column":4},"end":{"line":34,"column":null}},"type":"if","locations":[{"start":{"line":33,"column":4},"end":{"line":34,"column":null}},{"start":{},"end":{}}],"line":33},"6":{"loc":{"start":{"line":41,"column":25},"end":{"line":41,"column":null}},"type":"binary-expr","locations":[{"start":{"line":41,"column":25},"end":{"line":41,"column":50}},{"start":{"line":41,"column":50},"end":{"line":41,"column":null}}],"line":41},"7":{"loc":{"start":{"line":42,"column":23},"end":{"line":42,"column":null}},"type":"binary-expr","locations":[{"start":{"line":42,"column":23},"end":{"line":42,"column":54}},{"start":{"line":42,"column":58},"end":{"line":42,"column":null}}],"line":42},"8":{"loc":{"start":{"line":74,"column":26},"end":{"line":74,"column":58}},"type":"binary-expr","locations":[{"start":{"line":74,"column":26},"end":{"line":74,"column":56}},{"start":{"line":74,"column":56},"end":{"line":74,"column":58}}],"line":74},"9":{"loc":{"start":{"line":75,"column":28},"end":{"line":75,"column":null}},"type":"binary-expr","locations":[{"start":{"line":75,"column":28},"end":{"line":75,"column":60}},{"start":{"line":75,"column":60},"end":{"line":75,"column":null}}],"line":75},"10":{"loc":{"start":{"line":96,"column":28},"end":{"line":96,"column":null}},"type":"binary-expr","locations":[{"start":{"line":96,"column":28},"end":{"line":96,"column":58}},{"start":{"line":96,"column":58},"end":{"line":96,"column":null}}],"line":96},"11":{"loc":{"start":{"line":104,"column":28},"end":{"line":104,"column":60}},"type":"binary-expr","locations":[{"start":{"line":104,"column":28},"end":{"line":104,"column":58}},{"start":{"line":104,"column":58},"end":{"line":104,"column":60}}],"line":104},"12":{"loc":{"start":{"line":105,"column":30},"end":{"line":105,"column":null}},"type":"binary-expr","locations":[{"start":{"line":105,"column":30},"end":{"line":105,"column":62}},{"start":{"line":105,"column":62},"end":{"line":105,"column":null}}],"line":105},"13":{"loc":{"start":{"line":113,"column":48},"end":{"line":113,"column":null}},"type":"cond-expr","locations":[{"start":{"line":113,"column":64},"end":{"line":113,"column":68}},{"start":{"line":113,"column":68},"end":{"line":113,"column":null}}],"line":113},"14":{"loc":{"start":{"line":151,"column":29},"end":{"line":151,"column":50}},"type":"binary-expr","locations":[{"start":{"line":151,"column":29},"end":{"line":151,"column":48}},{"start":{"line":151,"column":48},"end":{"line":151,"column":50}}],"line":151},"15":{"loc":{"start":{"line":152,"column":18},"end":{"line":152,"column":null}},"type":"cond-expr","locations":[{"start":{"line":152,"column":41},"end":{"line":152,"column":98}},{"start":{"line":152,"column":101},"end":{"line":152,"column":null}}],"line":152},"16":{"loc":{"start":{"line":153,"column":23},"end":{"line":153,"column":null}},"type":"binary-expr","locations":[{"start":{"line":153,"column":23},"end":{"line":153,"column":47}},{"start":{"line":153,"column":47},"end":{"line":153,"column":null}}],"line":153},"17":{"loc":{"start":{"line":168,"column":4},"end":{"line":168,"column":null}},"type":"if","locations":[{"start":{"line":168,"column":4},"end":{"line":168,"column":null}},{"start":{},"end":{}}],"line":168},"18":{"loc":{"start":{"line":180,"column":4},"end":{"line":180,"column":null}},"type":"if","locations":[{"start":{"line":180,"column":4},"end":{"line":180,"column":null}},{"start":{},"end":{}}],"line":180},"19":{"loc":{"start":{"line":189,"column":4},"end":{"line":189,"column":null}},"type":"if","locations":[{"start":{"line":189,"column":4},"end":{"line":189,"column":null}},{"start":{},"end":{}}],"line":189}},"s":{"0":0,"1":0,"2":0,"3":0,"4":0,"5":0,"6":0,"7":0,"8":0,"9":0,"10":0,"11":0,"12":0,"13":0,"14":0,"15":0,"16":0,"17":0,"18":0,"19":0,"20":0,"21":0,"22":0,"23":0,"24":0,"25":0,"26":0,"27":0,"28":0,"29":0,"30":0,"31":0,"32":0,"33":0,"34":0,"35":0,"36":0,"37":0,"38":0,"39":0,"40":0,"41":0,"42":0,"43":0,"44":0,"45":0,"46":0,"47":0,"48":0,"49":0,"50":0},"f":{"0":3,"1":3,"2":0,"3":3,"4":0,"5":0,"6":0,"7":3,"8":3,"9":3},"b":{"0":[0,0],"1":[0],"2":[0],"3":[0,0],"4":[0,0],"5":[0,0],"6":[0,0],"7":[0,0],"8":[0,0],"9":[0,0],"10":[0,0],"11":[0,0],"12":[0,0],"13":[0,0],"14":[0,0],"15":[0,0],"16":[0,0],"17":[0,0],"18":[0,0],"19":[0,0]},"meta":{"lastBranch":20,"lastFunction":10,"lastStatement":51,"seen":{"f:8:15:8:28":0,"s:9:52:9:Infinity":0,"s:10:10:10:29":1,"s:12:4:20:Infinity":2,"b:17:16:17:28:17:28:17:Infinity":0,"s:22:4:22:Infinity":3,"f:25:15:25:27":1,"s:26:54:26:Infinity":4,"b:26:37:26:40":1,"b:26:48:26:54":2,"s:27:10:27:Infinity":5,"s:29:28:29:64":6,"b:30:4:31:Infinity:undefined:undefined:undefined:undefined":3,"s:30:4:31:Infinity":7,"b:30:8:30:20:30:20:30:40":4,"s:31:6:31:Infinity":8,"b:33:4:34:Infinity:undefined:undefined:undefined:undefined":5,"s:33:4:34:Infinity":9,"s:34:6:34:Infinity":10,"s:37:24:39:32":11,"s:41:25:41:Infinity":12,"b:41:25:41:50:41:50:41:Infinity":6,"s:42:23:42:Infinity":13,"b:42:23:42:54:42:58:42:Infinity":7,"s:44:20:60:21":14,"s:62:17:77:7":15,"f:62:47:62:54":2,"s:63:27:69:47":16,"s:71:6:76:Infinity":17,"b:74:26:74:56:74:56:74:58":8,"b:75:28:75:60:75:60:75:Infinity":9,"s:79:4:79:Infinity":18,"f:82:15:82:38":3,"s:83:20:83:107":19,"s:85:28:107:Infinity":20,"f:86:18:86:25":4,"s:87:33:88:81":21,"s:90:29:94:73":22,"s:96:28:96:Infinity":23,"b:96:28:96:58:96:58:96:Infinity":10,"s:97:8:106:Infinity":24,"b:104:28:104:58:104:58:104:60":11,"b:105:30:105:62:105:62:105:Infinity":12,"s:110:20:114:70":25,"f:110:36:110:44":5,"s:110:56:114:8":26,"b:113:64:113:68:113:68:113:Infinity":13,"s:116:25:116:35":27,"s:117:4:117:Infinity":28,"s:118:4:118:Infinity":29,"s:119:4:119:Infinity":30,"s:121:24:131:57":31,"s:133:30:137:57":32,"s:139:28:155:7":33,"f:139:68:139:75":6,"s:140:23:145:77":34,"s:147:20:147:Infinity":35,"s:148:6:154:Infinity":36,"b:151:29:151:48:151:48:151:50":14,"b:152:41:152:98:152:101:152:Infinity":15,"b:153:23:153:47:153:47:153:Infinity":16,"s:157:4:162:Infinity":37,"f:165:15:165:29":7,"s:166:22:166:148":38,"s:167:19:167:Infinity":39,"b:168:4:168:Infinity:undefined:undefined:undefined:undefine
[...]
ull}},"30":{"start":{"line":80,"column":28},"end":{"line":80,"column":60}},"31":{"start":{"line":80,"column":48},"end":{"line":80,"column":60}},"32":{"start":{"line":81,"column":6},"end":{"line":82,"column":null}},"33":{"start":{"line":82,"column":8},"end":{"line":82,"column":null}},"34":{"start":{"line":86,"column":19},"end":{"line":86,"column":null}},"35":{"start":{"line":87,"column":19},"end":{"line":87,"column":null}},"36":{"start":{"line":89,"column":4},"end":{"line":95,"column":null}},"37":{"start":{"line":97,"column":4},"end":{"line":97,"column":null}}},"fnMap":{"0":{"name":"(anonymous_0)","decl":{"start":{"line":8,"column":15},"end":{"line":8,"column":30}},"loc":{"start":{"line":8,"column":63},"end":{"line":38,"column":null}},"line":8},"1":{"name":"(anonymous_1)","decl":{"start":{"line":21,"column":25},"end":{"line":21,"column":32}},"loc":{"start":{"line":21,"column":39},"end":{"line":36,"column":null}},"line":21},"2":{"name":"(anonymous_2)","decl":{"start":{"line":41,"column":15},"end":{"line":41,"column":27}},"loc":{"start":{"line":41,"column":45},"end":{"line":60,"column":null}},"line":41},"3":{"name":"(anonymous_3)","decl":{"start":{"line":46,"column":10},"end":{"line":46,"column":20}},"loc":{"start":{"line":46,"column":43},"end":{"line":46,"column":65}},"line":46},"4":{"name":"(anonymous_4)","decl":{"start":{"line":56,"column":32},"end":{"line":56,"column":36}},"loc":{"start":{"line":56,"column":42},"end":{"line":59,"column":null}},"line":56},"5":{"name":"(anonymous_5)","decl":{"start":{"line":58,"column":27},"end":{"line":58,"column":31}},"loc":{"start":{"line":58,"column":37},"end":{"line":58,"column":null}},"line":58},"6":{"name":"(anonymous_6)","decl":{"start":{"line":63,"column":15},"end":{"line":63,"column":29}},"loc":{"start":{"line":63,"column":78},"end":{"line":97,"column":null}},"line":63},"7":{"name":"(anonymous_7)","decl":{"start":{"line":78,"column":19},"end":{"line":78,"column":27}},"loc":{"start":{"line":78,"column":32},"end":{"line":84,"column":null}},"line":78},"8":{"name":"(anonymous_8)","decl":{"start":{"line":80,"column":38},"end":{"line":80,"column":43}},"loc":{"start":{"line":80,"column":48},"end":{"line":80,"column":60}},"line":80}},"branchMap":{"0":{"loc":{"start":{"line":16,"column":4},"end":{"line":17,"column":null}},"type":"if","locations":[{"start":{"line":16,"column":4},"end":{"line":17,"column":null}},{"start":{},"end":{}}],"line":16},"1":{"loc":{"start":{"line":16,"column":8},"end":{"line":16,"column":64}},"type":"binary-expr","locations":[{"start":{"line":16,"column":8},"end":{"line":16,"column":19}},{"start":{"line":16,"column":19},"end":{"line":16,"column":64}}],"line":16},"2":{"loc":{"start":{"line":23,"column":6},"end":{"line":24,"column":null}},"type":"if","locations":[{"start":{"line":23,"column":6},"end":{"line":24,"column":null}},{"start":{},"end":{}}],"line":23},"3":{"loc":{"start":{"line":27,"column":88},"end":{"line":27,"column":108}},"type":"binary-expr","locations":[{"start":{"line":27,"column":88},"end":{"line":27,"column":104}},{"start":{"line":27,"column":104},"end":{"line":27,"column":108}}],"line":27},"4":{"loc":{"start":{"line":52,"column":4},"end":{"line":52,"column":null}},"type":"if","locations":[{"start":{"line":52,"column":4},"end":{"line":52,"column":null}},{"start":{},"end":{}}],"line":52},"5":{"loc":{"start":{"line":73,"column":4},"end":{"line":73,"column":null}},"type":"if","locations":[{"start":{"line":73,"column":4},"end":{"line":73,"column":null}},{"start":{},"end":{}}],"line":73},"6":{"loc":{"start":{"line":81,"column":6},"end":{"line":82,"column":null}},"type":"if","locations":[{"start":{"line":81,"column":6},"end":{"line":82,"column":null}},{"start":{},"end":{}}],"line":81},"7":{"loc":{"start":{"line":81,"column":10},"end":{"line":81,"column":65}},"type":"binary-expr","locations":[{"start":{"line":81,"column":10},"end":{"line":81,"column":27}},{"start":{"line":81,"column":27},"end":{"line":81,"column":65}}],"line":81}},"s":{"0":0,"1":0,"2":0,"3":0,"4":0,"5":0,"6":0,"7":0,"8":0,"9":0,"10":0,"11":0,"12":0,"13":0,"14":0,"15":0,"16":0,"17":0,"18":0,"19":0,"20":0,"21":0,"22":0,"23":0,"24":0,"25":0,"26":0,"27":0,"28":0,"29":0,"30":0,"31":0,"32":0,"33":0,"34":0,"35":0,"36":0,"37":0},"f":{"0":3,"1":0,"2":3,"3":0,"4":0,"5":0,"6":3,"7":0,"8":0},"b":{"0":[0,0],"1":[0,0],"2":[0,0],"3":[0,0],"4":[0,0],"5":[0,0],"6":[0,0],"7":[0,0]},"meta":{"lastBranch":8,"lastFunction":9,"lastStatement":38,"seen":{"f:8:15:8:30":0,"s:9:57:9:Infinity":0,"s:11:19:14:6":1,"b:16:4:17:Infinity:undefined:undefined:undefined:undefined":0,"s:16:4:17:Infinity":2,"b:16:8:16:19:16:19:16:64":1,"s:17:6:17:Infinity":3,"s:20:10:20:27":4,"s:21:4:36:Infinity":5,"f:21:25:21:32":1,"s:22:27:22:115":6,"b:23:6:24:Infinity:undefined:undefined:undefined:undefined":2,"s:23:6:24:Infinity":7,"s:24:8:24:Infinity":8,"s:27:6:27:Infinity":9,"b:27:88:27:104:27:104:27:108":3,"s:29:6:33:Infinity":10,"s:30:14:30:28":11,"s:31:8:31:Infinity":12,"s:32:8:33:Infinity":13,"s:33:10:33:Infinity":14,"s:38:4:38:Infinity":15,"f:41:15:41:27":2,"s:42:17:50:6":16,"f:46:10:46:20":3,"s:46:43:46:65":17,"b:52:4:52:Infinity:undefined:undefined:undefined:undefined":4,"s:52:4:52:Infinity":18,"s:52:15:52:Infinity":19,"s:54:4:60:Infinity":20,"f:56:32:56:36":4,"s:56:42:59:Infinity":21,"f:58:27:58:31":5,"s:58:37:58:Infinity":22,"f:63:15:63:29":6,"s:64:17:71:6":23,"b:73:4:73:Infinity:undefined:undefined:undefined:undefined":5,"s:73:4:73:Infinity":24,"s:73:15:73:Infinity":25,"s:75:23:75:Infinity":26,"s:76:27:76:Infinity":27,"s:78:4:84:Infinity":28,"f:78:19:78:27":7,"s:79:30:79:Infinity":29,"s:80:28:80:60":30,"f:80:38:80:43":8,"s:80:48:80:60":31,"b:81:6:82:Infinity:undefined:undefined:undefined:undefined":6,"s:81:6:82:Infinity":32,"b:81:10:81:27:81:27:81:65":7,"s:82:8:82:Infinity":33,"s:86:19:86:Infinity":34,"s:87:19:87:Infinity":35,"s:89:4:95:Infinity":36,"s:97:4:97:Infinity":37}}}
,"D:\\Coding Projects\\Anti gravity project\\Practice Project 1\\src\\modules\\reviews\\reviews.controller.ts": {"path":"D:\\Coding Projects\\Anti gravity project\\Practice Project 1\\src\\modules\\reviews\\reviews.controller.ts","statementMap":{"0":{"start":{"line":5,"column":13},"end":{"line":12,"column":null}},"1":{"start":{"line":6,"column":17},"end":{"line":6,"column":75}},"2":{"start":{"line":7,"column":2},"end":{"line":11,"column":null}},"3":{"start":{"line":14,"column":13},"end":{"line":21,"column":null}},"4":{"start":{"line":15,"column":18},"end":{"line":15,"column":88}},"5":{"start":{"line":16,"column":2},"end":{"line":20,"column":null}},"6":{"start":{"line":23,"column":13},"end":{"line":29,"column":null}},"7":{"start":{"line":24,"column":2},"end":{"line":24,"column":null}},"8":{"start":{"line":25,"column":2},"end":{"line":28,"column":null}}},"fnMap":{"0":{"name":"(anonymous_0)","decl":{"start":{"line":5,"column":39},"end":{"line":5,"column":46}},"loc":{"start":{"line":5,"column":78},"end":{"line":12,"column":null}},"line":5},"1":{"name":"(anonymous_1)","decl":{"start":{"line":14,"column":43},"end":{"line":14,"column":50}},"loc":{"start":{"line":14,"column":82},"end":{"line":21,"column":null}},"line":14},"2":{"name":"(anonymous_2)","decl":{"start":{"line":23,"column":39},"end":{"line":23,"column":46}},"loc":{"start":{"line":23,"column":78},"end":{"line":29,"column":null}},"line":23}},"branchMap":{"0":{"loc":{"start":{"line":7,"column":13},"end":{"line":7,"column":40}},"type":"cond-expr","locations":[{"start":{"line":7,"column":30},"end":{"line":7,"column":36}},{"start":{"line":7,"column":36},"end":{"line":7,"column":40}}],"line":7},"1":{"loc":{"start":{"line":9,"column":13},"end":{"line":9,"column":null}},"type":"cond-expr","locations":[{"start":{"line":9,"column":30},"end":{"line":9,"column":49}},{"start":{"line":9,"column":49},"end":{"line":9,"column":null}}],"line":9},"2":{"loc":{"start":{"line":10,"column":10},"end":{"line":10,"column":null}},"type":"binary-expr","locations":[{"start":{"line":10,"column":10},"end":{"line":10,"column":25}},{"start":{"line":10,"column":25},"end":{"line":10,"column":null}}],"line":10}},"s":{"0":3,"1":0,"2":0,"3":3,"4":0,"5":0,"6":3,"7":0,"8":0},"f":{"0":0,"1":0,"2":0},"b":{"0":[0,0],"1":[0,0],"2":[0,0]},"meta":{"lastBranch":3,"lastFunction":3,"lastStatement":9,"seen":{"s:5:13:12:Infinity":0,"f:5:39:5:46":0,"s:6:17:6:75":1,"s:7:2:11:Infinity":2,"b:7:30:7:36:7:36:7:40":0,"b:9:30:9:49:9:49:9:Infinity":1,"b:10:10:10:25:10:25:10:Infinity":2,"s:14:13:21:Infinity":3,"f:14:43:14:50":1,"s:15:18:15:88":4,"s:16:2:20:Infinity":5,"s:23:13:29:Infinity":6,"f:23:39:23:46":2,"s:24:2:24:Infinity":7,"s:25:2:28:Infinity":8}}}
,"D:\\Coding Projects\\Anti gravity project\\Practice Project 1\\src\\modules\\reviews\\reviews.routes.ts": {"path":"D:\\Coding Projects\\Anti gravity project\\Practice Project 1\\src\\modules\\reviews\\reviews.routes.ts","statementMap":{"0":{"start":{"line":5,"column":15},"end":{"line":5,"column":31}},"1":{"start":{"line":8,"column":0},"end":{"line":8,"column":null}},"2":{"start":{"line":11,"column":0},"end":{"line":11,"column":null}},"3":{"start":{"line":12,"column":0},"end":{"line":12,"column":null}},"4":{"start":{"line":13,"column":0},"end":{"line":13,"column":null}}},"fnMap":{},"branchMap":{},"s":{"0":3,"1":3,"2":3,"3":3,"4":3},"f":{},"b":{},"meta":{"lastBranch":0,"lastFunction":0,"lastStatement":5,"seen":{"s:5:15:5:31":0,"s:8:0:8:Infinity":1,"s:11:0:11:Infinity":2,"s:12:0:12:Infinity":3,"s:13:0:13:Infinity":4}}}
,"D:\\Coding Projects\\Anti gravity project\\Practice Project 1\\src\\modules\\reviews\\reviews.service.ts": {"path":"D:\\Coding Projects\\Anti gravity project\\Practice Project 1\\src\\modules\\reviews\\reviews.service.ts","statementMap":{"0":{"start":{"line":9,"column":42},"end":{"line":9,"column":null}},"1":{"start":{"line":11,"column":4},"end":{"line":12,"column":null}},"2":{"start":{"line":12,"column":6},"end":{"line":12,"column":null}},"3":{"start":{"line":15,"column":23},"end":{"line":17,"column":15}},"4":{"start":{"line":19,"column":4},"end":{"line":20,"column":null}},"5":{"start":{"line":20,"column":6},"end":{"line":20,"column":null}},"6":{"start":{"line":23,"column":21},"end":{"line":25,"column":15}},"7":{"start":{"line":27,"column":4},"end":{"line":32,"column":null}},"8":{"start":{"line":28,"column":22},"end":{"line":31,"column":20}},"9":{"start":{"line":32,"column":6},"end":{"line":32,"column":null}},"10":{"start":{"line":35,"column":10},"end":{"line":35,"column":29}},"11":{"start":{"line":36,"column":4},"end":{"line":36,"column":null}},"12":{"start":{"line":37,"column":4},"end":{"line":37,"column":null}},"13":{"start":{"line":41,"column":4},"end":{"line":52,"column":null}},"14":{"start":{"line":56,"column":19},"end":{"line":58,"column":18}},"15":{"start":{"line":60,"column":4},"end":{"line":60,"column":null}},"16":{"start":{"line":60,"column":29},"end":{"line":60,"column":null}}},"fnMap":{"0":{"name":"(anonymous_0)","decl":{"start":{"line":8,"column":15},"end":{"line":8,"column":30}},"loc":{"start":{"line":8,"column":60},"end":{"line":37,"column":null}},"line":8},"1":{"name":"(anonymous_1)","decl":{"start":{"line":40,"column":15},"end":{"line":40,"column":32}},"loc":{"start":{"line":40,"column":50},"end":{"line":52,"column":null}},"line":40},"2":{"name":"(anonymous_2)","decl":{"start":{"line":55,"column":15},"end":{"line":55,"column":28}},"loc":{"start":{"line":55,"column":65},"end":{"line":60,"column":null}},"line":55}},"branchMap":{"0":{"loc":{"start":{"line":11,"column":4},"end":{"line":12,"column":null}},"type":"if","locations":[{"start":{"line":11,"column":4},"end":{"line":12,"column":null}},{"start":{},"end":{}}],"line":11},"1":{"loc":{"start":{"line":11,"column":8},"end":{"line":11,"column":45}},"type":"binary-expr","locations":[{"start":{"line":11,"column":8},"end":{"line":11,"column":19}},{"start":{"line":11,"column":19},"end":{"line":11,"column":33}},{"start":{"line":11,"column":33},"end":{"line":11,"column":45}}],"line":11},"2":{"loc":{"start":{"line":19,"column":4},"end":{"line":20,"column":null}},"type":"if","locations":[{"start":{"line":19,"column":4},"end":{"line":20,"column":null}},{"start":{},"end":{}}],"line":19},"3":{"loc":{"start":{"line":27,"column":4},"end":{"line":32,"column":null}},"type":"if","locations":[{"start":{"line":27,"column":4},"end":{"line":32,"column":null}},{"start":{},"end":{}}],"line":27},"4":{"loc":{"start":{"line":36,"column":95},"end":{"line":36,"column":112}},"type":"binary-expr","locations":[{"start":{"line":36,"column":95},"end":{"line":36,"column":106}},{"start":{"line":36,"column":106},"end":{"line":36,"column":112}}],"line":36},"5":{"loc":{"start":{"line":60,"column":4},"end":{"line":60,"column":null}},"type":"if","locations":[{"start":{"line":60,"column":4},"end":{"line":60,"column":null}},{"start":{},"end":{}}],"line":60}},"s":{"0":0,"1":0,"2":0,"3":0,"4":0,"5":0,"6":0,"7":0,"8":0,"9":0,"10":0,"11":0,"12":0,"13":0,"14":0,"15":0,"16":0},"f":{"0":3,"1":3,"2":3},"b":{"0":[0,0],"1":[0,0,0],"2":[0,0],"3":[0,0],"4":[0,0],"5":[0,0]},"meta":{"lastBranch":6,"lastFunction":3,"lastStatement":17,"seen":{"f:8:15:8:30":0,"s:9:42:9:Infinity":0,"b:11:4:12:Infinity:undefined:undefined:undefined:undefined":0,"s:11:4:12:Infinity":1,"b:11:8:11:19:11:19:11:33:11:33:11:45":1,"s:12:6:12:Infinity":2,"s:15:23:17:15":3,"b:19:4:20:Infinity:undefined:undefined:undefined:undefined":2,"s:19:4:20:Infinity":4,"s:20:6:20:Infinity":5,"s:23:21:25:15":6,"b:27:4:32:Infinity:undefined:undefined:undefined:undefined":3,"s:27:4:32:Infinity":7,"s:28:22:31:20":8,"s:32:6:32:Infinity":9,"s:35:10:35:29":10,"s:36:4:36:Infinity":11,"b:36:95:36:106:36:106:36:112":4,"s:37:4:37:Infinity":12,"f:40:15:40:32":1,"s:41:4:52:Infinity":13,"f:55:15:55:28":2,"s:56:19:58:18":14,"b:60:4:60:Infinity:undefined:undefined:undefined:undefined":5,"s:60:4:60:Infinity":15,"s:60:29:60:Infinity":16}}}
,"D:\\Coding Projects\\Anti gravity project\\Practice Project 1\\src\\utils\\AppError.ts": {"path":"D:\\Coding Projects\\Anti gravity project\\Practice Project 1\\src\\utils\\AppError.ts","statementMap":{"0":{"start":{"line":7,"column":4},"end":{"line":7,"column":null}},"1":{"start":{"line":9,"column":4},"end":{"line":9,"column":null}},"2":{"start":{"line":10,"column":4},"end":{"line":10,"column":null}},"3":{"start":{"line":11,"column":4},"end":{"line":11,"column":null}},"4":{"start":{"line":13,"column":4},"end":{"line":13,"column":null}}},"fnMap":{"0":{"name":"(anonymous_0)","decl":{"start":{"line":6,"column":2},"end":{"line":6,"column":14}},"loc":{"start":{"line":6,"column":51},"end":{"line":13,"column":null}},"line":6}},"branchMap":{"0":{"loc":{"start":{"line":10,"column":18},"end":{"line":10,"column":null}},"type":"cond-expr","locations":[{"start":{"line":10,"column":52},"end":{"line":10,"column":61}},{"start":{"line":10,"column":61},"end":{"line":10,"column":null}}],"line":10}},"s":{"0":4,"1":4,"2":4,"3":4,"4":4},"f":{"0":4},"b":{"0":[4,0]},"meta":{"lastBranch":1,"lastFunction":1,"lastStatement":5,"seen":{"f:6:2:6:14":0,"s:7:4:7:Infinity":0,"s:9:4:9:Infinity":1,"s:10:4:10:Infinity":2,"b:10:52:10:61:10:61:10:Infinity":0,"s:11:4:11:Infinity":3,"s:13:4:13:Infinity":4}}}
,"D:\\Coding Projects\\Anti gravity project\\Practice Project 1\\src\\utils\\catchAsync.ts": {"path":"D:\\Coding Projects\\Anti gravity project\\Practice Project 1\\src\\utils\\catchAsync.ts","statementMap":{"0":{"start":{"line":3,"column":13},"end":{"line":5,"column":null}},"1":{"start":{"line":4,"column":2},"end":{"line":5,"column":null}},"2":{"start":{"line":5,"column":4},"end":{"line":5,"column":null}}},"fnMap":{"0":{"name":"(anonymous_0)","decl":{"start":{"line":3,"column":13},"end":{"line":3,"column":27}},"loc":{"start":{"line":3,"column":101},"end":{"line":5,"column":null}},"line":3},"1":{"name":"(anonymous_1)","decl":{"start":{"line":4,"column":2},"end":{"line":4,"column":10}},"loc":{"start":{"line":4,"column":62},"end":{"line":5,"column":null}},"line":4}},"branchMap":{},"s":{"0":3,"1":120,"2":6},"f":{"0":120,"1":6},"b":{},"meta":{"lastBranch":0,"lastFunction":2,"lastStatement":3,"seen":{"s:3:13:5:Infinity":0,"f:3:13:3:27":0,"s:4:2:5:Infinity":1,"f:4:2:4:10":1,"s:5:4:5:Infinity":2}}}
,"D:\\Coding Projects\\Anti gravity project\\Practice Project 1\\src\\utils\\email.ts": {"path":"D:\\Coding Projects\\Anti gravity project\\Practice Project 1\\src\\utils\\email.ts","statementMap":{"0":{"start":{"line":3,"column":25},"end":{"line":29,"column":null}},"1":{"start":{"line":6,"column":22},"end":{"line":6,"column":58}},"2":{"start":{"line":9,"column":22},"end":{"line":17,"column":4}},"3":{"start":{"line":20,"column":15},"end":{"line":25,"column":4}},"4":{"start":{"line":27,"column":2},"end":{"line":27,"column":null}},"5":{"start":{"line":29,"column":2},"end":{"line":29,"column":null}}},"fnMap":{"0":{"name":"(anonymous_0)","decl":{"start":{"line":3,"column":25},"end":{"line":3,"column":32}},"loc":{"start":{"line":3,"column":91},"end":{"line":29,"column":null}},"line":3}},"branchMap":{},"s":{"0":3,"1":0,"2":0,"3":0,"4":0,"5":0},"f":{"0":0},"b":{},"meta":{"lastBranch":0,"lastFunction":1,"lastStatement":6,"seen":{"s:3:25:29:Infinity":0,"f:3:25:3:32":0,"s:6:22:6:58":1,"s:9:22:17:4":2,"s:20:15:25:4":3,"s:27:2:27:Infinity":4,"s:29:2:29:Infinity":5}}}
,"D:\\Coding Projects\\Anti gravity project\\Practice Project 1\\src\\utils\\uploadEngine.ts": {"path":"D:\\Coding Projects\\Anti gravity project\\Practice Project 1\\src\\utils\\uploadEngine.ts","statementMap":{"0":{"start":{"line":7,"column":19},"end":{"line":7,"column":54}},"1":{"start":{"line":8,"column":0},"end":{"line":9,"column":null}},"2":{"start":{"line":9,"column":2},"end":{"line":9,"column":null}},"3":{"start":{"line":12,"column":16},"end":{"line":21,"column":2}},"4":{"start":{"line":14,"column":4},"end":{"line":14,"column":null}},"5":{"start":{"line":17,"column":16},"end":{"line":17,"column":47}},"6":{"start":{"line":18,"column":27},"end":{"line":18,"column":null}},"7":{"start":{"line":19,"column":4},"end":{"line":19,"column":null}},"8":{"start":{"line":23,"column":6},"end":{"line":28,"column":null}},"9":{"start":{"line":24,"column":21},"end":{"line":24,"column":null}},"10":{"start":{"line":25,"column":2},"end":{"line":28,"column":null}},"11":{"start":{"line":26,"column":4},"end":{"line":26,"column":null}},"12":{"start":{"line":28,"column":4},"end":{"line":28,"column":null}},"13":{"start":{"line":32,"column":13},"end":{"line":38,"column":2}}},"fnMap":{"0":{"name":"(anonymous_0)","decl":{"start":{"line":13,"column":2},"end":{"line":13,"column":16}},"loc":{"start":{"line":13,"column":34},"end":{"line":14,"column":null}},"line":13},"1":{"name":"(anonymous_1)","decl":{"start":{"line":16,"column":2},"end":{"line":16,"column":13}},"loc":{"start":{"line":16,"column":31},"end":{"line":19,"column":null}},"line":16},"2":{"name":"(anonymous_2)","decl":{"start":{"line":23,"column":6},"end":{"line":23,"column":20}},"loc":{"start":{"line":23,"column":91},"end":{"line":28,"column":null}},"line":23}},"branchMap":{"0":{"loc":{"start":{"line":8,"column":0},"end":{"line":9,"column":null}},"type":"if","locations":[{"start":{"line":8,"column":0},"end":{"line":9,"column":null}},{"start":{},"end":{}}],"line":8},"1":{"loc":{"start":{"line":25,"column":2},"end":{"line":28,"column":null}},"type":"if","locations":[{"start":{"line":25,"column":2},"end":{"line":28,"column":null}},{"start":{"line":27,"column":9},"end":{"line":28,"column":null}}],"line":25}},"s":{"0":3,"1":3,"2":0,"3":3,"4":0,"5":0,"6":0,"7":0,"8":3,"9":0,"10":0,"11":0,"12":0,"13":3},"f":{"0":0,"1":0,"2":0},"b":{"0":[0,3],"1":[0,0]},"meta":{"lastBranch":2,"lastFunction":3,"lastStatement":14,"seen":{"s:7:19:7:54":0,"b:8:0:9:Infinity:undefined:undefined:undefined:undefined":0,"s:8:0:9:Infinity":1,"s:9:2:9:Infinity":2,"s:12:16:21:2":3,"f:13:2:13:16":0,"s:14:4:14:Infinity":4,"f:16:2:16:13":1,"s:17:16:17:47":5,"s:18:27:18:Infinity":6,"s:19:4:19:Infinity":7,"s:23:6:28:Infinity":8,"f:23:6:23:20":2,"s:24:21:24:Infinity":9,"b:25:2:28:Infinity:27:9:28:Infinity":1,"s:25:2:28:Infinity":10,"s:26:4:26:Infinity":11,"s:28:4:28:Infinity":12,"s:32:13:38:2":13}}}
}
